This is pdfTeX, Version 3.141592653-2.6-1.40.25 (TeX Live 2023) (preloaded format=pdflatex 2024.1.29)  21 MAR 2024 11:02
entering extended mode
 restricted \write18 enabled.
 file:line:error style messages enabled.
 %&-line parsing enabled.
**d:/Masters-Thesis/thesis/mthesis_raschke.tex
(d:/Masters-Thesis/thesis/mthesis_raschke.tex
LaTeX2e <2023-11-01> patch level 1
L3 programming layer <2024-01-22>
(./GAUBM.cls
Document Class: GAUBM 2009/03/12 v1.0 GAU Vorlage für Abschlussarbeit Physik
(c:/texlive/2023/texmf-dist/tex/latex/koma-script/scrbook.cls
Document Class: scrbook 2023/07/07 v3.41 KOMA-Script document class (book)
(c:/texlive/2023/texmf-dist/tex/latex/koma-script/scrkbase.sty
Package: scrkbase 2023/07/07 v3.41 KOMA-Script package (KOMA-Script-dependent basics and keyval usage)
 (c:/texlive/2023/texmf-dist/tex/latex/koma-script/scrbase.sty
Package: scrbase 2023/07/07 v3.41 KOMA-Script package (KOMA-Script-independent basics and keyval usage)
 (c:/texlive/2023/texmf-dist/tex/latex/koma-script/scrlfile.sty
Package: scrlfile 2023/07/07 v3.41 KOMA-Script package (file load hooks)
 (c:/texlive/2023/texmf-dist/tex/latex/koma-script/scrlfile-hook.sty
Package: scrlfile-hook 2023/07/07 v3.41 KOMA-Script package (using LaTeX hooks)
 (c:/texlive/2023/texmf-dist/tex/latex/koma-script/scrlogo.sty
Package: scrlogo 2023/07/07 v3.41 KOMA-Script package (logo)
))) (c:/texlive/2023/texmf-dist/tex/latex/graphics/keyval.sty
Package: keyval 2022/05/29 v1.15 key=value parser (DPC)
\KV@toks@=\toks17
)
Applying: [2021/05/01] Usage of raw or classic option list on input line 252.
Already applied: [0000/00/00] Usage of raw or classic option list on input line 368.
)) (c:/texlive/2023/texmf-dist/tex/latex/koma-script/tocbasic.sty
Package: tocbasic 2023/07/07 v3.41 KOMA-Script package (handling toc-files)
\scr@dte@tocline@numberwidth=\skip48
\scr@dte@tocline@numbox=\box51
)
Package tocbasic Info: omitting babel extension for `toc'
(tocbasic)             because of feature `nobabel' available
(tocbasic)             for `toc' on input line 135.
Class scrbook Info: You've used standard option `oneside'.
(scrbook)           This is correct!
(scrbook)           Internally I'm using `twoside=false'.
(scrbook)           If you'd like to set the option with \KOMAoptions,
(scrbook)           you'd have to use `twoside=false' there
(scrbook)           instead of `oneside', too.
Package scrbook Info: You've used standard option `12pt'.
(scrbook)             This is correct!
(scrbook)             Internally I'm using `fontsize=12pt'.
(scrbook)             If you'd like to set the option with \KOMAoptions,
(scrbook)             you'd have to use `fontsize=12pt' there
(scrbook)             instead of `12pt', too.
Class scrbook Info: File `scrsize12pt.clo' used to setup font sizes on input line 2691.
 (c:/texlive/2023/texmf-dist/tex/latex/koma-script/scrsize12pt.clo
File: scrsize12pt.clo 2023/07/07 v3.41 KOMA-Script font size class option (12pt)
) (c:/texlive/2023/texmf-dist/tex/latex/koma-script/typearea.sty
Package: typearea 2023/07/07 v3.41 KOMA-Script package (type area)
\ta@bcor=\skip49
\ta@div=\count187
Package typearea Info: You've used standard option `oneside'.
(typearea)             This is correct!
(typearea)             Internally I'm using `twoside=false'.
(typearea)             If you'd like to set the option with \KOMAoptions,
(typearea)             you'd have to use `twoside=false' there
(typearea)             instead of `oneside', too.


Package typearea Warning: You've used deprecated option `BCOR10mm'.
(typearea)                Usage of this option indicates an old document
(typearea)                and changes compatibility level using
(typearea)                `BCOR=10mm,version=first,
(typearea)                enabledeprecatedfontcommands' that may result
(typearea)                in further warnings.
(typearea)                If you don't want this, you should simply
(typearea)                replace option `BCOR10mm' by `BCOR=10mm'.

Package typearea Info: Switching compatibility level to `first'.
\ta@hblk=\skip50
\ta@vblk=\skip51
\ta@temp=\skip52
\footheight=\skip53
Package typearea Info: These are the values describing the layout:
(typearea)             DIV  = 12
(typearea)             BCOR = 28.45274pt
(typearea)             \paperwidth      = 597.50793pt
(typearea)              \textwidth      = 426.7914pt
(typearea)              DIV departure   = -1%
(typearea)              \evensidemargin = 27.31465pt
(typearea)              \oddsidemargin  = 27.31465pt
(typearea)             \paperheight     = 845.04694pt
(typearea)              \textheight     = 635.5pt
(typearea)              \topmargin      = -41.72441pt
(typearea)              \headheight     = 18.125pt
(typearea)              \headsep        = 21.75pt
(typearea)              \topskip        = 12.0pt
(typearea)              \footskip       = 50.75pt
(typearea)              \baselineskip   = 14.5pt
(typearea)              on input line 1799.
)
\c@part=\count188
\c@chapter=\count189
\c@section=\count190
\c@subsection=\count191
\c@subsubsection=\count192
\c@paragraph=\count193
\c@subparagraph=\count194
\scr@dte@chapter@maxnumwidth=\skip54
Class scrbook Info: using compatibility default `afterindent=bysign'
(scrbook)           for `\chapter on input line 5990.
\scr@dte@section@maxnumwidth=\skip55
Class scrbook Info: using compatibility default `runin=bysign'
(scrbook)           for `\section on input line 6001.
Class scrbook Info: using compatibility default `afterindent=bysign'
(scrbook)           for `\section on input line 6001.
\scr@dte@part@maxnumwidth=\skip56
Class scrbook Info: using compatibility default `afterindent=true'
(scrbook)           for `\part on input line 6010.
\scr@dte@subsection@maxnumwidth=\skip57
Class scrbook Info: using compatibility default `runin=bysign'
(scrbook)           for `\subsection on input line 6020.
Class scrbook Info: using compatibility default `afterindent=bysign'
(scrbook)           for `\subsection on input line 6020.
\scr@dte@subsubsection@maxnumwidth=\skip58
Class scrbook Info: using compatibility default `runin=bysign'
(scrbook)           for `\subsubsection on input line 6030.
Class scrbook Info: using compatibility default `afterindent=bysign'
(scrbook)           for `\subsubsection on input line 6030.
\scr@dte@paragraph@maxnumwidth=\skip59
Class scrbook Info: using compatibility default `runin=bysign'
(scrbook)           for `\paragraph on input line 6041.
Class scrbook Info: using compatibility default `afterindent=bysign'
(scrbook)           for `\paragraph on input line 6041.
\scr@dte@subparagraph@maxnumwidth=\skip60
Class scrbook Info: using compatibility default `runin=bysign'
(scrbook)           for `\subparagraph on input line 6051.
Class scrbook Info: using compatibility default `afterindent=bysign'
(scrbook)           for `\subparagraph on input line 6051.
\abovecaptionskip=\skip61
\belowcaptionskip=\skip62
\c@pti@nb@sid@b@x=\box52
Package tocbasic Info: omitting babel extension for `lof'
(tocbasic)             because of feature `nobabel' available
(tocbasic)             for `lof' on input line 7242.
\scr@dte@figure@maxnumwidth=\skip63
\c@figure=\count195
Package tocbasic Info: omitting babel extension for `lot'
(tocbasic)             because of feature `nobabel' available
(tocbasic)             for `lot' on input line 7259.
\scr@dte@table@maxnumwidth=\skip64
\c@table=\count196
Class scrbook Info: Redefining `\numberline' on input line 7430.
\bibindent=\dimen140
) (c:/texlive/2023/texmf-dist/tex/latex/tools/calc.sty
Package: calc 2023/07/08 v4.3 Infix arithmetic (KKT,FJ)
\calc@Acount=\count197
\calc@Bcount=\count198
\calc@Adimen=\dimen141
\calc@Bdimen=\dimen142
\calc@Askip=\skip65
\calc@Bskip=\skip66
LaTeX Info: Redefining \setlength on input line 80.
LaTeX Info: Redefining \addtolength on input line 81.
\calc@Ccount=\count199
\calc@Cskip=\skip67
)
\c@@countbegin=\count266
\c@@countend=\count267
) (./structure.tex (c:/texlive/2023/texmf-dist/tex/latex/base/fontenc.sty
Package: fontenc 2021/04/29 v2.0v Standard LaTeX package
) (c:/texlive/2023/texmf-dist/tex/latex/base/inputenc.sty
Package: inputenc 2021/02/14 v1.3d Input encoding file
\inpenc@prehook=\toks18
\inpenc@posthook=\toks19
 (c:/texlive/2023/texmf-dist/tex/latex/base/latin1.def
File: latin1.def 2021/02/14 v1.3d Input encoding file
)) (c:/texlive/2023/texmf-dist/tex/generic/babel/babel.sty
Package: babel 2024/01/07 v24.1 The Babel package
\babel@savecnt=\count268
\U@D=\dimen143
\l@unhyphenated=\language89
 (c:/texlive/2023/texmf-dist/tex/generic/babel/txtbabel.def)
\bbl@readstream=\read2
\bbl@dirlevel=\count269
 (c:/texlive/2023/texmf-dist/tex/generic/babel-german/ngerman.ldf
Language: ngerman 2024/01/19 v2.14 German support for babel (post-1996 orthography)
 (c:/texlive/2023/texmf-dist/tex/generic/babel-german/ngermanb.ldf
Language: ngermanb 2024/01/19 v2.14 German support for babel (post-1996 orthography)
Package babel Info: Making " an active character on input line 122.
)) (c:/texlive/2023/texmf-dist/tex/generic/babel-english/english.ldf
Language: english 2017/06/06 v3.3r English support from the babel system
Package babel Info: Hyphen rules for 'canadian' set to \l@english
(babel)             (\language0). Reported on input line 102.
Package babel Info: Hyphen rules for 'australian' set to \l@ukenglish
(babel)             (\language23). Reported on input line 105.
Package babel Info: Hyphen rules for 'newzealand' set to \l@ukenglish
(babel)             (\language23). Reported on input line 108.
)) (c:/texlive/2023/texmf-dist/tex/generic/babel/locale/en/babel-english.tex
Package babel Info: Importing font and identification data for english
(babel)             from babel-en.ini. Reported on input line 11.
) (c:/texlive/2023/texmf-dist/tex/generic/babel/locale/de/babel-ngerman.tex
Package babel Info: Importing font and identification data for ngerman
(babel)             from babel-de.ini. Reported on input line 11.
) (c:/texlive/2023/texmf-dist/tex/latex/amsmath/amsmath.sty
Package: amsmath 2023/05/13 v2.17o AMS math features
\@mathmargin=\skip68

For additional information on amsmath, use the `?' option.
(c:/texlive/2023/texmf-dist/tex/latex/amsmath/amstext.sty
Package: amstext 2021/08/26 v2.01 AMS text
 (c:/texlive/2023/texmf-dist/tex/latex/amsmath/amsgen.sty
File: amsgen.sty 1999/11/30 v2.0 generic functions
\@emptytoks=\toks20
\ex@=\dimen144
)) (c:/texlive/2023/texmf-dist/tex/latex/amsmath/amsbsy.sty
Package: amsbsy 1999/11/29 v1.2d Bold Symbols
\pmbraise@=\dimen145
) (c:/texlive/2023/texmf-dist/tex/latex/amsmath/amsopn.sty
Package: amsopn 2022/04/08 v2.04 operator names
)
\inf@bad=\count270
LaTeX Info: Redefining \frac on input line 234.
\uproot@=\count271
\leftroot@=\count272
LaTeX Info: Redefining \overline on input line 399.
LaTeX Info: Redefining \colon on input line 410.
\classnum@=\count273
\DOTSCASE@=\count274
LaTeX Info: Redefining \ldots on input line 496.
LaTeX Info: Redefining \dots on input line 499.
LaTeX Info: Redefining \cdots on input line 620.
\Mathstrutbox@=\box53
\strutbox@=\box54
LaTeX Info: Redefining \big on input line 722.
LaTeX Info: Redefining \Big on input line 723.
LaTeX Info: Redefining \bigg on input line 724.
LaTeX Info: Redefining \Bigg on input line 725.
\big@size=\dimen146
LaTeX Font Info:    Redeclaring font encoding OML on input line 743.
LaTeX Font Info:    Redeclaring font encoding OMS on input line 744.
\macc@depth=\count275
LaTeX Info: Redefining \bmod on input line 905.
LaTeX Info: Redefining \pmod on input line 910.
LaTeX Info: Redefining \smash on input line 940.
LaTeX Info: Redefining \relbar on input line 970.
LaTeX Info: Redefining \Relbar on input line 971.
\c@MaxMatrixCols=\count276
\dotsspace@=\muskip16
\c@parentequation=\count277
\dspbrk@lvl=\count278
\tag@help=\toks21
\row@=\count279
\column@=\count280
\maxfields@=\count281
\andhelp@=\toks22
\eqnshift@=\dimen147
\alignsep@=\dimen148
\tagshift@=\dimen149
\tagwidth@=\dimen150
\totwidth@=\dimen151
\lineht@=\dimen152
\@envbody=\toks23
\multlinegap=\skip69
\multlinetaggap=\skip70
\mathdisplay@stack=\toks24
LaTeX Info: Redefining \[ on input line 2953.
LaTeX Info: Redefining \] on input line 2954.
) (c:/texlive/2023/texmf-dist/tex/latex/amsfonts/amssymb.sty
Package: amssymb 2013/01/14 v3.01 AMS font symbols
 (c:/texlive/2023/texmf-dist/tex/latex/amsfonts/amsfonts.sty
Package: amsfonts 2013/01/14 v3.01 Basic AMSFonts support
\symAMSa=\mathgroup4
\symAMSb=\mathgroup5
LaTeX Font Info:    Redeclaring math symbol \hbar on input line 98.
LaTeX Font Info:    Overwriting math alphabet `\mathfrak' in version `bold'
(Font)                  U/euf/m/n --> U/euf/b/n on input line 106.
)) (c:/texlive/2023/texmf-dist/tex/latex/tools/bm.sty
Package: bm 2023/07/08 v1.2f Bold Symbol Support (DPC/FMi)
\symboldoperators=\mathgroup6
\symboldletters=\mathgroup7
\symboldsymbols=\mathgroup8
Package bm Info: No bold for \OMX/cmex/m/n, using \pmb.
Package bm Info: No bold for \U/msa/m/n, using \pmb.
Package bm Info: No bold for \U/msb/m/n, using \pmb.
LaTeX Font Info:    Redeclaring math alphabet \mathbf on input line 149.
) (c:/texlive/2023/texmf-dist/tex/latex/lm/lmodern.sty
Package: lmodern 2015/05/01 v1.6.1 Latin Modern Fonts
LaTeX Font Info:    Overwriting symbol font `operators' in version `normal'
(Font)                  OT1/cmr/m/n --> OT1/lmr/m/n on input line 22.
LaTeX Font Info:    Overwriting symbol font `letters' in version `normal'
(Font)                  OML/cmm/m/it --> OML/lmm/m/it on input line 23.
LaTeX Font Info:    Overwriting symbol font `symbols' in version `normal'
(Font)                  OMS/cmsy/m/n --> OMS/lmsy/m/n on input line 24.
LaTeX Font Info:    Overwriting symbol font `largesymbols' in version `normal'
(Font)                  OMX/cmex/m/n --> OMX/lmex/m/n on input line 25.
LaTeX Font Info:    Overwriting symbol font `operators' in version `bold'
(Font)                  OT1/cmr/bx/n --> OT1/lmr/bx/n on input line 26.
LaTeX Font Info:    Overwriting symbol font `letters' in version `bold'
(Font)                  OML/cmm/b/it --> OML/lmm/b/it on input line 27.
LaTeX Font Info:    Overwriting symbol font `symbols' in version `bold'
(Font)                  OMS/cmsy/b/n --> OMS/lmsy/b/n on input line 28.
LaTeX Font Info:    Overwriting symbol font `largesymbols' in version `bold'
(Font)                  OMX/cmex/m/n --> OMX/lmex/m/n on input line 29.
LaTeX Font Info:    Overwriting math alphabet `\mathbf' in version `normal'
(Font)                  OT1/cmr/bx/n --> OT1/lmr/bx/n on input line 31.
LaTeX Font Info:    Overwriting math alphabet `\mathsf' in version `normal'
(Font)                  OT1/cmss/m/n --> OT1/lmss/m/n on input line 32.
LaTeX Font Info:    Overwriting math alphabet `\mathit' in version `normal'
(Font)                  OT1/cmr/m/it --> OT1/lmr/m/it on input line 33.
LaTeX Font Info:    Overwriting math alphabet `\mathtt' in version `normal'
(Font)                  OT1/cmtt/m/n --> OT1/lmtt/m/n on input line 34.
LaTeX Font Info:    Overwriting math alphabet `\mathbf' in version `bold'
(Font)                  OT1/cmr/bx/n --> OT1/lmr/bx/n on input line 35.
LaTeX Font Info:    Overwriting math alphabet `\mathsf' in version `bold'
(Font)                  OT1/cmss/bx/n --> OT1/lmss/bx/n on input line 36.
LaTeX Font Info:    Overwriting math alphabet `\mathit' in version `bold'
(Font)                  OT1/cmr/bx/it --> OT1/lmr/bx/it on input line 37.
LaTeX Font Info:    Overwriting math alphabet `\mathtt' in version `bold'
(Font)                  OT1/cmtt/m/n --> OT1/lmtt/m/n on input line 38.
) (c:/texlive/2023/texmf-dist/tex/latex/float/float.sty
Package: float 2001/11/08 v1.3d Float enhancements (AL)
\c@float@type=\count282
\float@exts=\toks25
\float@box=\box55
\@float@everytoks=\toks26
\@floatcapt=\box56
) (c:/texlive/2023/texmf-dist/tex/latex/setspace/setspace.sty
Package: setspace 2022/12/04 v6.7b set line spacing
) (c:/texlive/2023/texmf-dist/tex/latex/svg/svg.sty
Package: svg 2020/11/26 v2.02k (include SVG pictures)
 (c:/texlive/2023/texmf-dist/tex/generic/iftex/iftex.sty
Package: iftex 2022/02/03 v1.0f TeX engine tests
) (c:/texlive/2023/texmf-dist/tex/generic/pdftexcmds/pdftexcmds.sty
Package: pdftexcmds 2020-06-27 v0.33 Utility functions of pdfTeX for LuaTeX (HO)
 (c:/texlive/2023/texmf-dist/tex/generic/infwarerr/infwarerr.sty
Package: infwarerr 2019/12/03 v1.5 Providing info/warning/error messages (HO)
) (c:/texlive/2023/texmf-dist/tex/generic/ltxcmds/ltxcmds.sty
Package: ltxcmds 2023-12-04 v1.26 LaTeX kernel commands for general use (HO)
)
Package pdftexcmds Info: \pdf@primitive is available.
Package pdftexcmds Info: \pdf@ifprimitive is available.
Package pdftexcmds Info: \pdfdraftmode found.
) (c:/texlive/2023/texmf-dist/tex/latex/trimspaces/trimspaces.sty
Package: trimspaces 2009/09/17 v1.1 Trim spaces around a token list
) (c:/texlive/2023/texmf-dist/tex/latex/graphics/graphicx.sty
Package: graphicx 2021/09/16 v1.2d Enhanced LaTeX Graphics (DPC,SPQR)
 (c:/texlive/2023/texmf-dist/tex/latex/graphics/graphics.sty
Package: graphics 2022/03/10 v1.4e Standard LaTeX Graphics (DPC,SPQR)
 (c:/texlive/2023/texmf-dist/tex/latex/graphics/trig.sty
Package: trig 2021/08/11 v1.11 sin cos tan (DPC)
) (c:/texlive/2023/texmf-dist/tex/latex/graphics-cfg/graphics.cfg
File: graphics.cfg 2016/06/04 v1.11 sample graphics configuration
)
Package graphics Info: Driver file: pdftex.def on input line 107.
 (c:/texlive/2023/texmf-dist/tex/latex/graphics-def/pdftex.def
File: pdftex.def 2022/09/22 v1.2b Graphics/color driver for pdftex
))
\Gin@req@height=\dimen153
\Gin@req@width=\dimen154
) (c:/texlive/2023/texmf-dist/tex/latex/tools/shellesc.sty
Package: shellesc 2023/07/08 v1.0d unified shell escape interface for LaTeX
Package shellesc Info: Restricted shell escape enabled on input line 77.
)
\c@svg@param@lastpage=\count283
\svg@box=\box57
\c@svg@param@currpage=\count284
) (c:/texlive/2023/texmf-dist/tex/latex/xcolor/xcolor.sty
Package: xcolor 2023/11/15 v3.01 LaTeX color extensions (UK)
 (c:/texlive/2023/texmf-dist/tex/latex/graphics-cfg/color.cfg
File: color.cfg 2016/01/02 v1.6 sample color configuration
)
Package xcolor Info: Driver file: pdftex.def on input line 274.
 (c:/texlive/2023/texmf-dist/tex/latex/graphics/mathcolor.ltx)
Package xcolor Info: Model `cmy' substituted by `cmy0' on input line 1350.
Package xcolor Info: Model `hsb' substituted by `rgb' on input line 1354.
Package xcolor Info: Model `RGB' extended on input line 1366.
Package xcolor Info: Model `HTML' substituted by `rgb' on input line 1368.
Package xcolor Info: Model `Hsb' substituted by `hsb' on input line 1369.
Package xcolor Info: Model `tHsb' substituted by `hsb' on input line 1370.
Package xcolor Info: Model `HSB' substituted by `hsb' on input line 1371.
Package xcolor Info: Model `Gray' substituted by `gray' on input line 1372.
Package xcolor Info: Model `wave' substituted by `hsb' on input line 1373.
) (c:/texlive/2023/texmf-dist/tex/latex/transparent/transparent.sty
Package: transparent 2022-10-27 v1.5 Transparency with color stacks
 (c:/texlive/2023/texmf-dist/tex/latex/transparent/transparent-nometadata.sty
Package: transparent-nometadata 2022-10-27 v1.5 Transparency via pdfTeX's color stack (HO)
 (c:/texlive/2023/texmf-dist/tex/latex/auxhook/auxhook.sty
Package: auxhook 2019-12-17 v1.6 Hooks for auxiliary files (HO)
))) (c:/texlive/2023/texmf-dist/tex/latex/pgf/systemlayer/pgfsys.sty (c:/texlive/2023/texmf-dist/tex/latex/pgf/utilities/pgfrcs.sty (c:/texlive/2023/texmf-dist/tex/generic/pgf/utilities/pgfutil-common.tex
\pgfutil@everybye=\toks27
\pgfutil@tempdima=\dimen155
\pgfutil@tempdimb=\dimen156
) (c:/texlive/2023/texmf-dist/tex/generic/pgf/utilities/pgfutil-latex.def
\pgfutil@abb=\box58
) (c:/texlive/2023/texmf-dist/tex/generic/pgf/utilities/pgfrcs.code.tex (c:/texlive/2023/texmf-dist/tex/generic/pgf/pgf.revision.tex)
Package: pgfrcs 2023-01-15 v3.1.10 (3.1.10)
)) (c:/texlive/2023/texmf-dist/tex/generic/pgf/systemlayer/pgfsys.code.tex
Package: pgfsys 2023-01-15 v3.1.10 (3.1.10)
 (c:/texlive/2023/texmf-dist/tex/generic/pgf/utilities/pgfkeys.code.tex
\pgfkeys@pathtoks=\toks28
\pgfkeys@temptoks=\toks29
 (c:/texlive/2023/texmf-dist/tex/generic/pgf/utilities/pgfkeyslibraryfiltered.code.tex
\pgfkeys@tmptoks=\toks30
))
\pgf@x=\dimen157
\pgf@y=\dimen158
\pgf@xa=\dimen159
\pgf@ya=\dimen160
\pgf@xb=\dimen161
\pgf@yb=\dimen162
\pgf@xc=\dimen163
\pgf@yc=\dimen164
\pgf@xd=\dimen165
\pgf@yd=\dimen166
\w@pgf@writea=\write3
\r@pgf@reada=\read3
\c@pgf@counta=\count285
\c@pgf@countb=\count286
\c@pgf@countc=\count287
\c@pgf@countd=\count288
\t@pgf@toka=\toks31
\t@pgf@tokb=\toks32
\t@pgf@tokc=\toks33
\pgf@sys@id@count=\count289
 (c:/texlive/2023/texmf-dist/tex/generic/pgf/systemlayer/pgf.cfg
File: pgf.cfg 2023-01-15 v3.1.10 (3.1.10)
)
Driver file for pgf: pgfsys-pdftex.def
 (c:/texlive/2023/texmf-dist/tex/generic/pgf/systemlayer/pgfsys-pdftex.def
File: pgfsys-pdftex.def 2023-01-15 v3.1.10 (3.1.10)
 (c:/texlive/2023/texmf-dist/tex/generic/pgf/systemlayer/pgfsys-common-pdf.def
File: pgfsys-common-pdf.def 2023-01-15 v3.1.10 (3.1.10)
))) (c:/texlive/2023/texmf-dist/tex/generic/pgf/systemlayer/pgfsyssoftpath.code.tex
File: pgfsyssoftpath.code.tex 2023-01-15 v3.1.10 (3.1.10)
\pgfsyssoftpath@smallbuffer@items=\count290
\pgfsyssoftpath@bigbuffer@items=\count291
) (c:/texlive/2023/texmf-dist/tex/generic/pgf/systemlayer/pgfsysprotocol.code.tex
File: pgfsysprotocol.code.tex 2023-01-15 v3.1.10 (3.1.10)
)) (c:/texlive/2023/texmf-dist/tex/latex/subfigure/subfigure.sty
Package: subfigure 2002/03/15 v2.1.5 subfigure package
\subfigtopskip=\skip71
\subfigcapskip=\skip72
\subfigcaptopadj=\dimen167
\subfigbottomskip=\skip73
\subfigcapmargin=\dimen168
\subfiglabelskip=\skip74
\c@subfigure=\count292
\c@lofdepth=\count293
\c@subtable=\count294
\c@lotdepth=\count295

****************************************
* Local config file subfigure.cfg used *
****************************************
(c:/texlive/2023/texmf-dist/tex/latex/subfigure/subfigure.cfg)
\subfig@top=\skip75
\subfig@bottom=\skip76
) (c:/texlive/2023/texmf-dist/tex/latex/floatflt/floatflt.sty
Package: floatflt 1997/07/16 v. 1.31
\c@OptionTest=\count296
\figbox=\box59
\tabbox=\box60
\pagebox=\box61
\ffigcount=\count297
\ftabcount=\count298
\fftest=\count299
\hangcount=\count300
\nosuccesstryfig=\count301
\nosuccesstrytab=\count302
\figgutter=\dimen169
\tabgutter=\dimen170
\htdone=\dimen171
\pageht=\dimen172
\startpageht=\dimen173
\tabbredd=\dimen174
\floatfltwidth=\dimen175
\fltitemwidth=\dimen176
\outputpretest=\toks34
) (c:/texlive/2023/texmf-dist/tex/latex/caption/caption.sty
Package: caption 2023/08/05 v3.6o Customizing captions (AR)
 (c:/texlive/2023/texmf-dist/tex/latex/caption/caption3.sty
Package: caption3 2023/07/31 v2.4d caption3 kernel (AR)
\caption@tempdima=\dimen177
\captionmargin=\dimen178
\caption@leftmargin=\dimen179
\caption@rightmargin=\dimen180
\caption@width=\dimen181
\caption@indent=\dimen182
\caption@parindent=\dimen183
\caption@hangindent=\dimen184
Package caption Info: KOMA-Script document class detected.
 (c:/texlive/2023/texmf-dist/tex/latex/caption/caption-koma.sto
File: caption-koma.sto 2023/09/08 v2.0e Adaption of the caption package to the KOMA-Script document classes (AR)
))
\c@caption@flags=\count303
\c@continuedfloat=\count304
Package caption Info: float package is loaded.
Package caption Info: floatflt package is loaded.
Package caption Info: KOMA-Script scrextend package detected.
\caption@addmargin@hsize=\dimen185
\caption@addmargin@linewidth=\dimen186
Package caption Info: subfigure package is loaded.
) (c:/texlive/2023/texmf-dist/tex/latex/colortbl/colortbl.sty
Package: colortbl 2022/06/20 v1.0f Color table columns (DPC)
 (c:/texlive/2023/texmf-dist/tex/latex/tools/array.sty
Package: array 2023/10/16 v2.5g Tabular extension package (FMi)
\col@sep=\dimen187
\ar@mcellbox=\box62
\extrarowheight=\dimen188
\NC@list=\toks35
\extratabsurround=\skip77
\backup@length=\skip78
\ar@cellbox=\box63
)
\everycr=\toks36
\minrowclearance=\skip79
\rownum=\count305
) (c:/texlive/2023/texmf-dist/tex/latex/booktabs/booktabs.sty
Package: booktabs 2020/01/12 v1.61803398 Publication quality tables
\heavyrulewidth=\dimen189
\lightrulewidth=\dimen190
\cmidrulewidth=\dimen191
\belowrulesep=\dimen192
\belowbottomsep=\dimen193
\aboverulesep=\dimen194
\abovetopsep=\dimen195
\cmidrulesep=\dimen196
\cmidrulekern=\dimen197
\defaultaddspace=\dimen198
\@cmidla=\count306
\@cmidlb=\count307
\@aboverulesep=\dimen199
\@belowrulesep=\dimen256
\@thisruleclass=\count308
\@lastruleclass=\count309
\@thisrulewidth=\dimen257
) (c:/texlive/2023/texmf-dist/tex/latex/tools/longtable.sty
Package: longtable 2023-11-01 v4.19 Multi-page Table package (DPC)
\LTleft=\skip80
\LTright=\skip81
\LTpre=\skip82
\LTpost=\skip83
\LTchunksize=\count310
\LTcapwidth=\dimen258
\LT@head=\box64
\LT@firsthead=\box65
\LT@foot=\box66
\LT@lastfoot=\box67
\LT@gbox=\box68
\LT@cols=\count311
\LT@rows=\count312
\c@LT@tables=\count313
\c@LT@chunks=\count314
\LT@p@ftn=\toks37
)
Class scrbook Info: longtable captions redefined on input line 28.
 (c:/texlive/2023/texmf-dist/tex/latex/tools/hhline.sty
Package: hhline 2020/01/04 v2.04 Table rule package (DPC)
) (c:/texlive/2023/texmf-dist/tex/latex/base/textcomp.sty
Package: textcomp 2020/02/02 v2.0n Standard LaTeX package
) (c:/texlive/2023/texmf-dist/tex/latex/gensymb/gensymb.sty
Package: gensymb 2022/10/17 v1.0.2 (KJH)
) (c:/texlive/2023/texmf-dist/tex/latex/units/units.sty
Package: units 1998/08/04 v0.9b Typesetting units
 (c:/texlive/2023/texmf-dist/tex/latex/base/ifthen.sty
Package: ifthen 2022/04/13 v1.1d Standard LaTeX ifthen package (DPC)
) (c:/texlive/2023/texmf-dist/tex/latex/units/nicefrac.sty
Package: nicefrac 1998/08/04 v0.9b Nice fractions
\L@UnitsRaiseDisplaystyle=\skip84
\L@UnitsRaiseTextstyle=\skip85
\L@UnitsRaiseScriptstyle=\skip86
)) (c:/texlive/2023/texmf-dist/tex/latex/natbib/natbib.sty
Package: natbib 2010/09/13 8.31b (PWD, AO)
\bibhang=\skip87
\bibsep=\skip88
LaTeX Info: Redefining \cite on input line 694.
\c@NAT@ctr=\count315
) (c:/texlive/2023/texmf-dist/tex/latex/blindtext/blindtext.sty
Package: blindtext 2012/01/06 V2.0 blindtext-Package
 (c:/texlive/2023/texmf-dist/tex/latex/tools/xspace.sty
Package: xspace 2014/10/28 v1.13 Space after command names (DPC,MH)
)
\c@blindtext=\count316
\c@Blindtext=\count317
\c@blind@countparstart=\count318
\blind@countxx=\count319
\blindtext@numBlindtext=\count320
\blind@countyy=\count321
\c@blindlist=\count322
\c@blindlistlevel=\count323
\c@blindlist@level=\count324
\blind@listitem=\count325
\c@blind@listcount=\count326
\c@blind@levelcount=\count327
\blind@mathformula=\count328
\blind@Mathformula=\count329
\c@blind@randomcount=\count330
\c@blind@randommax=\count331
\c@blind@pangramcount=\count332
\c@blind@pangrammax=\count333
) (c:/texlive/2023/texmf-dist/tex/latex/hyperref/hyperref.sty
Package: hyperref 2024-01-20 v7.01h Hypertext links for LaTeX
 (c:/texlive/2023/texmf-dist/tex/latex/kvsetkeys/kvsetkeys.sty
Package: kvsetkeys 2022-10-05 v1.19 Key value parser (HO)
) (c:/texlive/2023/texmf-dist/tex/generic/kvdefinekeys/kvdefinekeys.sty
Package: kvdefinekeys 2019-12-19 v1.6 Define keys (HO)
) (c:/texlive/2023/texmf-dist/tex/generic/pdfescape/pdfescape.sty
Package: pdfescape 2019/12/09 v1.15 Implements pdfTeX's escape features (HO)
) (c:/texlive/2023/texmf-dist/tex/latex/hycolor/hycolor.sty
Package: hycolor 2020-01-27 v1.10 Color options for hyperref/bookmark (HO)
) (c:/texlive/2023/texmf-dist/tex/latex/hyperref/nameref.sty
Package: nameref 2023-11-26 v2.56 Cross-referencing by name of section
 (c:/texlive/2023/texmf-dist/tex/latex/refcount/refcount.sty
Package: refcount 2019/12/15 v3.6 Data extraction from label references (HO)
) (c:/texlive/2023/texmf-dist/tex/generic/gettitlestring/gettitlestring.sty
Package: gettitlestring 2019/12/15 v1.6 Cleanup title references (HO)
 (c:/texlive/2023/texmf-dist/tex/latex/kvoptions/kvoptions.sty
Package: kvoptions 2022-06-15 v3.15 Key value format for package options (HO)
))
\c@section@level=\count334
) (c:/texlive/2023/texmf-dist/tex/latex/etoolbox/etoolbox.sty
Package: etoolbox 2020/10/05 v2.5k e-TeX tools for LaTeX (JAW)
\etb@tempcnta=\count335
)
\@linkdim=\dimen259
\Hy@linkcounter=\count336
\Hy@pagecounter=\count337
 (c:/texlive/2023/texmf-dist/tex/latex/hyperref/pd1enc.def
File: pd1enc.def 2024-01-20 v7.01h Hyperref: PDFDocEncoding definition (HO)
Now handling font encoding PD1 ...
... no UTF-8 mapping file for font encoding PD1
) (c:/texlive/2023/texmf-dist/tex/generic/intcalc/intcalc.sty
Package: intcalc 2019/12/15 v1.3 Expandable calculations with integers (HO)
)
\Hy@SavedSpaceFactor=\count338
 (c:/texlive/2023/texmf-dist/tex/latex/hyperref/puenc.def
File: puenc.def 2024-01-20 v7.01h Hyperref: PDF Unicode definition (HO)
Now handling font encoding PU ...
... no UTF-8 mapping file for font encoding PU
)
Package hyperref Info: Option `breaklinks' set `true' on input line 4062.
Package hyperref Info: Option `bookmarksopen' set `true' on input line 4062.
Package hyperref Info: Option `bookmarksnumbered' set `true' on input line 4062.
Package hyperref Info: Hyper figures OFF on input line 4179.
Package hyperref Info: Link nesting OFF on input line 4184.
Package hyperref Info: Hyper index ON on input line 4187.
Package hyperref Info: Plain pages OFF on input line 4194.
Package hyperref Info: Backreferencing OFF on input line 4199.
Package hyperref Info: Implicit mode ON; LaTeX internals redefined.
Package hyperref Info: Bookmarks ON on input line 4446.
\c@Hy@tempcnt=\count339
 (c:/texlive/2023/texmf-dist/tex/latex/url/url.sty
\Urlmuskip=\muskip17
Package: url 2013/09/16  ver 3.4  Verb mode for urls, etc.
)
LaTeX Info: Redefining \url on input line 4784.
\XeTeXLinkMargin=\dimen260
 (c:/texlive/2023/texmf-dist/tex/generic/bitset/bitset.sty
Package: bitset 2019/12/09 v1.3 Handle bit-vector datatype (HO)
 (c:/texlive/2023/texmf-dist/tex/generic/bigintcalc/bigintcalc.sty
Package: bigintcalc 2019/12/15 v1.5 Expandable calculations on big integers (HO)
))
\Fld@menulength=\count340
\Field@Width=\dimen261
\Fld@charsize=\dimen262
Package hyperref Info: Hyper figures OFF on input line 6063.
Package hyperref Info: Link nesting OFF on input line 6068.
Package hyperref Info: Hyper index ON on input line 6071.
Package hyperref Info: backreferencing OFF on input line 6078.
Package hyperref Info: Link coloring OFF on input line 6083.
Package hyperref Info: Link coloring with OCG OFF on input line 6088.
Package hyperref Info: PDF/A mode OFF on input line 6093.
 (c:/texlive/2023/texmf-dist/tex/latex/base/atbegshi-ltx.sty
Package: atbegshi-ltx 2021/01/10 v1.0c Emulation of the original atbegshi
package with kernel methods
)
\Hy@abspage=\count341
\c@Item=\count342
\c@Hfootnote=\count343
)
Package hyperref Info: Driver (autodetected): hpdftex.
 (c:/texlive/2023/texmf-dist/tex/latex/hyperref/hpdftex.def
File: hpdftex.def 2024-01-20 v7.01h Hyperref driver for pdfTeX
 (c:/texlive/2023/texmf-dist/tex/latex/base/atveryend-ltx.sty
Package: atveryend-ltx 2020/08/19 v1.0a Emulation of the original atveryend package
with kernel methods
)
\Fld@listcount=\count344
\c@bookmark@seq@number=\count345
 (c:/texlive/2023/texmf-dist/tex/latex/rerunfilecheck/rerunfilecheck.sty
Package: rerunfilecheck 2022-07-10 v1.10 Rerun checks for auxiliary files (HO)
 (c:/texlive/2023/texmf-dist/tex/generic/uniquecounter/uniquecounter.sty
Package: uniquecounter 2019/12/15 v1.4 Provide unlimited unique counter (HO)
)
Package uniquecounter Info: New unique counter `rerunfilecheck' on input line 285.
)
\Hy@SectionHShift=\skip89
)) (./shortlings.tex)
LaTeX Font Info:    Trying to load font information for T1+lmr on input line 11.
 (c:/texlive/2023/texmf-dist/tex/latex/lm/t1lmr.fd
File: t1lmr.fd 2015/05/01 v1.6.1 Font defs for Latin Modern
) (c:/texlive/2023/texmf-dist/tex/latex/l3backend/l3backend-pdftex.def
File: l3backend-pdftex.def 2024-01-04 L3 backend support: PDF output (pdfTeX)
\l__color_backend_stack_int=\count346
\l__pdf_internal_box=\box69
)

LaTeX Warning: Unused global option(s):
    [pagesize].

(./mthesis_raschke.aux)
\openout1 = `mthesis_raschke.aux'.

LaTeX Font Info:    Checking defaults for OML/cmm/m/it on input line 11.
LaTeX Font Info:    ... okay on input line 11.
LaTeX Font Info:    Checking defaults for OMS/cmsy/m/n on input line 11.
LaTeX Font Info:    ... okay on input line 11.
LaTeX Font Info:    Checking defaults for OT1/cmr/m/n on input line 11.
LaTeX Font Info:    ... okay on input line 11.
LaTeX Font Info:    Checking defaults for T1/cmr/m/n on input line 11.
LaTeX Font Info:    ... okay on input line 11.
LaTeX Font Info:    Checking defaults for TS1/cmr/m/n on input line 11.
LaTeX Font Info:    ... okay on input line 11.
LaTeX Font Info:    Checking defaults for OMX/cmex/m/n on input line 11.
LaTeX Font Info:    ... okay on input line 11.
LaTeX Font Info:    Checking defaults for U/cmr/m/n on input line 11.
LaTeX Font Info:    ... okay on input line 11.
LaTeX Font Info:    Checking defaults for PD1/pdf/m/n on input line 11.
LaTeX Font Info:    ... okay on input line 11.
LaTeX Font Info:    Checking defaults for PU/pdf/m/n on input line 11.
LaTeX Font Info:    ... okay on input line 11.
Package scrbase Info: activating english \partname on input line 11.
Package scrbase Info: activating english \chaptername on input line 11.
Package scrbase Info: activating english \appendixname on input line 11.
Package scrbase Info: activating english \figurename on input line 11.
Package scrbase Info: activating english \tablename on input line 11.
Package scrbase Info: activating english \contentsname on input line 11.
Package scrbase Info: activating english \listfigurename on input line 11.
Package scrbase Info: activating english \listtablename on input line 11.
Package scrbase Info: activating english \bibname on input line 11.
Package scrbase Info: activating english \indexname on input line 11.
 (c:/texlive/2023/texmf-dist/tex/latex/datenumber/datenumber.sty
Package: datenumber 2022/01/27v0.03
 (c:/texlive/2023/texmf-dist/tex/latex/datenumber/datenumberUSenglish.ldf
File: datenumberUSenglish.ldf 
) (c:/texlive/2023/texmf-dist/tex/latex/datenumber/datenumberenglish.ldf
File: datenumberenglish.ldf 
) (c:/texlive/2023/texmf-dist/tex/latex/datenumber/datenumbergerman.ldf
File: datenumbergerman.ldf 
)
\c@@dayscnt=\count347
\c@@startyear=\count348
\c@datenumber=\count349
\c@dateyear=\count350
\c@datemonth=\count351
\c@dateday=\count352
\c@datedayname=\count353
\@nom=\count354
\@den=\count355
) (c:/texlive/2023/texmf-dist/tex/context/base/mkii/supp-pdf.mkii
[Loading MPS to PDF converter (version 2006.09.02).]
\scratchcounter=\count356
\scratchdimen=\dimen263
\scratchbox=\box70
\nofMPsegments=\count357
\nofMParguments=\count358
\everyMPshowfont=\toks38
\MPscratchCnt=\count359
\MPscratchDim=\dimen264
\MPnumerator=\count360
\makeMPintoPDFobject=\count361
\everyMPtoPDFconversion=\toks39
) (c:/texlive/2023/texmf-dist/tex/latex/epstopdf-pkg/epstopdf-base.sty
Package: epstopdf-base 2020-01-24 v2.11 Base part for package epstopdf
Package epstopdf-base Info: Redefining graphics rule for `.eps' on input line 485.
 (c:/texlive/2023/texmf-dist/tex/latex/latexconfig/epstopdf-sys.cfg
File: epstopdf-sys.cfg 2010/07/13 v1.3 Configuration of (r)epstopdf for TeX Live
))
Package caption Info: Begin \AtBeginDocument code.
Package caption Info: hyperref package is loaded.
Package caption Info: longtable package is loaded.
 (c:/texlive/2023/texmf-dist/tex/latex/caption/ltcaption.sty
Package: ltcaption 2021/01/08 v1.4c longtable captions (AR)
)
Package caption Info: End \AtBeginDocument code.
\symgns@font=\mathgroup9
LaTeX Font Info:    Overwriting symbol font `gns@font' in version `bold'
(Font)                  TS1/lmr/m/n --> TS1/lmr/b/n on input line 11.
Package gensymb Info: Math companion symbols declared on input line 11.
LaTeX Info: Redefining \degree on input line 11.
LaTeX Info: Redefining \celsius on input line 11.
Package gensymb Info: Using text companion symbols for \degree, \celsius and \perthousand on input line 11.
LaTeX Info: Redefining \ohm on input line 11.
Package gensymb Info: Using \textohm for \ohm on input line 11.
Package gensymb Info: Using \textmu for \micro on input line 11.
Package hyperref Info: Link coloring OFF on input line 11.
\@outlinefile=\write4
\openout4 = `mthesis_raschke.out'.

Class scrbook Info: loading recommended package `bookmark'.
(scrbook)           Using `bookmark' together with `hyperref' is recommended,
(scrbook)           because of handling of possible bookmark level gaps.
(scrbook)           You can avoid loading `bookmark' with KOMA-Script option
(scrbook)           `bookmarkpackage=false' before \begin{document} and
(scrbook)           you can avoid this message adding:
(scrbook)             \usepackage{bookmark}
(scrbook)           before \begin{document} on input line 11.
 (c:/texlive/2023/texmf-dist/tex/latex/bookmark/bookmark.sty
Package: bookmark 2023-12-10 v1.31 PDF bookmarks (HO)
 (c:/texlive/2023/texmf-dist/tex/latex/bookmark/bkm-pdftex.def
File: bkm-pdftex.def 2023-12-10 v1.31 bookmark driver for pdfTeX and luaTeX (HO)
\BKM@id=\count362
))
<logos/Logo_Uni_Goettingen.pdf, id=7, 502.31772pt x 89.5344pt>
File: logos/Logo_Uni_Goettingen.pdf Graphic file (type pdf)
<use logos/Logo_Uni_Goettingen.pdf>
Package pdftex.def Info: logos/Logo_Uni_Goettingen.pdf  used on input line 24.
(pdftex.def)             Requested size: 239.44652pt x 42.67912pt.
<logos/Logo_Physik_links.pdf, id=8, 317.02841pt x 97.66487pt>
File: logos/Logo_Physik_links.pdf Graphic file (type pdf)
<use logos/Logo_Physik_links.pdf>
Package pdftex.def Info: logos/Logo_Physik_links.pdf  used on input line 24.
(pdftex.def)             Requested size: 138.53995pt x 42.67912pt.
LaTeX Font Info:    Trying to load font information for OT1+lmr on input line 24.
 (c:/texlive/2023/texmf-dist/tex/latex/lm/ot1lmr.fd
File: ot1lmr.fd 2015/05/01 v1.6.1 Font defs for Latin Modern
)
LaTeX Font Info:    Trying to load font information for OML+lmm on input line 24.
 (c:/texlive/2023/texmf-dist/tex/latex/lm/omllmm.fd
File: omllmm.fd 2015/05/01 v1.6.1 Font defs for Latin Modern
)
LaTeX Font Info:    Trying to load font information for OMS+lmsy on input line 24.
 (c:/texlive/2023/texmf-dist/tex/latex/lm/omslmsy.fd
File: omslmsy.fd 2015/05/01 v1.6.1 Font defs for Latin Modern
)
LaTeX Font Info:    Trying to load font information for OMX+lmex on input line 24.
 (c:/texlive/2023/texmf-dist/tex/latex/lm/omxlmex.fd
File: omxlmex.fd 2015/05/01 v1.6.1 Font defs for Latin Modern
)
LaTeX Font Info:    External font `lmex10' loaded for size
(Font)              <12> on input line 24.
LaTeX Font Info:    External font `lmex10' loaded for size
(Font)              <8> on input line 24.
LaTeX Font Info:    External font `lmex10' loaded for size
(Font)              <6> on input line 24.
LaTeX Font Info:    Trying to load font information for U+msa on input line 24.
 (c:/texlive/2023/texmf-dist/tex/latex/amsfonts/umsa.fd
File: umsa.fd 2013/01/14 v3.01 AMS symbols A
)
LaTeX Font Info:    Trying to load font information for U+msb on input line 24.
 (c:/texlive/2023/texmf-dist/tex/latex/amsfonts/umsb.fd
File: umsb.fd 2013/01/14 v3.01 AMS symbols B
)
LaTeX Font Info:    Trying to load font information for TS1+lmr on input line 24.
 (c:/texlive/2023/texmf-dist/tex/latex/lm/ts1lmr.fd
File: ts1lmr.fd 2015/05/01 v1.6.1 Font defs for Latin Modern
) [1




{c:/texlive/2023/texmf-var/fonts/map/pdftex/updmap/pdftex.map}{c:/texlive/2023/texmf-dist/fonts/enc/dvips/lm/lm-ec.enc}{c:/texlive/2023/texmf-dist/fonts/enc/dvips/lm/lm-ts1.enc} <./logos/Logo_Uni_Goettingen.pdf> <./logos/Logo_Physik_links.pdf>]

d:/Masters-Thesis/thesis/mthesis_raschke.tex:29: Package inputenc Error: Keyboard character used is undefined
(inputenc)                in inputencoding `latin1'.

See the inputenc package documentation for explanation.
Type  H <return>  for immediate help.
 ...                                              
                                                  
l.29 ...n mit einem $Z$/$W$-Boson in Regionen auß
                                                  erhalb der Massenschale. D...
You need to provide a definition with \DeclareInputText 
or \DeclareInputMath before using this key.

[2


{c:/texlive/2023/texmf-dist/fonts/enc/dvips/lm/lm-mathit.enc}]
No file mthesis_raschke.toc.
\tf@toc=\write5
\openout5 = `mthesis_raschke.toc'.

[3




]
chapter 1.

Class scrbook Warning: \float@addtolists detected!
(scrbook)              Implementation of \float@addtolist became
(scrbook)              deprecated in KOMA-Script v3.01 2008/11/14 and
(scrbook)              has been replaced by several more flexible
(scrbook)              features of package `tocbasic`.
(scrbook)              Since Version 3.12 support for deprecated
(scrbook)              \float@addtolist interface has been
(scrbook)              restricted to only some of the KOMA-Script
(scrbook)              features and been removed from others.
(scrbook)              Loading of package `scrhack' may help to
(scrbook)              avoid this warning, if you are using a
(scrbook)              a package that still implements the
(scrbook)              deprecated \float@addtolist interface.

[1



]

LaTeX Warning: Reference `ch:standard_model' on page 2 undefined on input line 79.


LaTeX Warning: Reference `ch:experimental_setup' on page 2 undefined on input line 79.


LaTeX Warning: Reference `ch:region_definition' on page 2 undefined on input line 79.


LaTeX Warning: Reference `ch:neural_networks' on page 2 undefined on input line 79.


LaTeX Warning: Reference `ch:theoretical_and_experimental_systematic_uncertainties' on page 2 undefined on input line 79.


LaTeX Warning: Reference `ch:measurements_of_the_inclusive_cross_section' on page 2 undefined on input line 79.


LaTeX Warning: Reference `ch:eft_sensitivity' on page 2 undefined on input line 79.


LaTeX Warning: Reference `ch:conclusion' on page 2 undefined on input line 79.

[2]
chapter 2.

Package natbib Warning: Citation `qcd' on page 3 undefined on input line 86.


Package natbib Warning: Citation `qed01' on page 3 undefined on input line 86.


Package natbib Warning: Citation `qed02' on page 3 undefined on input line 86.


Package natbib Warning: Citation `qed03' on page 3 undefined on input line 86.


Package natbib Warning: Citation `qft' on page 3 undefined on input line 86.


Package natbib Warning: Citation `higgs_mechanism_1' on page 3 undefined on input line 88.


Package natbib Warning: Citation `higgs_mechanism_2' on page 3 undefined on input line 88.


Package natbib Warning: Citation `higgs_mechanism_3' on page 3 undefined on input line 88.


Package natbib Warning: Citation `higgs_mechanism_1' on page 3 undefined on input line 88.


Package natbib Warning: Citation `neutrino_oscillation' on page 3 undefined on input line 90.


Package natbib Warning: Citation `dark_matter' on page 3 undefined on input line 90.

[3


{c:/texlive/2023/texmf-dist/fonts/enc/dvips/lm/lm-mathsy.enc}]

LaTeX Warning: Reference `fig:standard_model' on page 4 undefined on input line 95.


Package natbib Warning: Citation `qed03' on page 4 undefined on input line 97.

Package epstopdf Info: Source file: <figures/theory/standard_model.eps>
(epstopdf)                    date: 2022-03-24 18:16:45
(epstopdf)                    size: 1259912 bytes
(epstopdf)             Output file: <figures/theory/standard_model-eps-converted-to.pdf>
(epstopdf)                    date: 2022-07-02 15:27:30
(epstopdf)                    size: 1180322 bytes
(epstopdf)             Command: <repstopdf --outfile=figures/theory/standard_model-eps-converted-to.pdf figures/theory/standard_model.eps>
(epstopdf)             \includegraphics on input line 105.
Package epstopdf Info: Output file is already uptodate.
<figures/theory/standard_model-eps-converted-to.pdf, id=71, 1014.79124pt x 927.465pt>
File: figures/theory/standard_model-eps-converted-to.pdf Graphic file (type pdf)
<use figures/theory/standard_model-eps-converted-to.pdf>
Package pdftex.def Info: figures/theory/standard_model-eps-converted-to.pdf  used on input line 105.
(pdftex.def)             Requested size: 341.43306pt x 312.05067pt.

Package natbib Warning: Citation `top_production01' on page 4 undefined on input line 111.


Package natbib Warning: Citation `top_production02' on page 4 undefined on input line 111.


Package natbib Warning: Citation `top_mass' on page 4 undefined on input line 111.


Package natbib Warning: Citation `top_mass' on page 4 undefined on input line 111.


Package natbib Warning: Citation `ckm_matrix' on page 4 undefined on input line 111.


LaTeX Warning: Reference `fig:production_ttz_ttw' on page 4 undefined on input line 126.

[4{c:/texlive/2023/texmf-dist/fonts/enc/dvips/lm/lm-rm.enc}]
LaTeX Font Info:    External font `lmex10' loaded for size
(Font)              <17.28> on input line 128.
LaTeX Font Info:    External font `lmex10' loaded for size
(Font)              <10> on input line 128.


Package hyperref Warning: Token not allowed in a PDF string (Unicode):
(hyperref)                removing `math shift' on input line 128.


Package hyperref Warning: Token not allowed in a PDF string (Unicode):
(hyperref)                removing `math shift' on input line 128.


Package hyperref Warning: Token not allowed in a PDF string (Unicode):
(hyperref)                removing `math shift' on input line 128.


Package hyperref Warning: Token not allowed in a PDF string (Unicode):
(hyperref)                removing `math shift' on input line 128.


Package hyperref Warning: Token not allowed in a PDF string (Unicode):
(hyperref)                removing `math shift' on input line 128.


Package hyperref Warning: Token not allowed in a PDF string (Unicode):
(hyperref)                removing `math shift' on input line 128.


LaTeX Warning: Reference `fig:production_ttz_ttw' on page 5 undefined on input line 130.


LaTeX Warning: Reference `tab:decay_modes_ttz_ttW' on page 5 undefined on input line 130.

[5 <./figures/theory/standard_model-eps-converted-to.pdf>]

LaTeX Warning: Reference `fig:production_ttz_ttw' on page 6 undefined on input line 134.


Package natbib Warning: Citation `sm_eft_top' on page 6 undefined on input line 136.

<figures/theory/ttZ_feynman.png, id=98, 1368.11125pt x 731.73375pt>
File: figures/theory/ttZ_feynman.png Graphic file (type png)
<use figures/theory/ttZ_feynman.png>
Package pdftex.def Info: figures/theory/ttZ_feynman.png  used on input line 140.
(pdftex.def)             Requested size: 182.09485pt x 97.38412pt.
<figures/theory/ttW_feynman.png, id=100, 1341.01pt x 798.985pt>
File: figures/theory/ttW_feynman.png Graphic file (type png)
<use figures/theory/ttW_feynman.png>
Package pdftex.def Info: figures/theory/ttW_feynman.png  used on input line 141.
(pdftex.def)             Requested size: 182.09485pt x 108.49228pt.

Package natbib Warning: Citation `eft_operatorlist' on page 6 undefined on input line 165.


Package natbib Warning: Citation `eft_introduction' on page 6 undefined on input line 165.


Package natbib Warning: Citation `eft_introduction' on page 6 undefined on input line 165.

[6{c:/texlive/2023/texmf-dist/fonts/enc/dvips/lm/lm-mathex.enc} <./figures/theory/ttZ_feynman.png> <./figures/theory/ttW_feynman.png>]

Package natbib Warning: Citation `higgs_mechanism_1' on page 7 undefined on input line 171.


Package natbib Warning: Citation `eft_operatorlist' on page 7 undefined on input line 175.


LaTeX Warning: Reference `eq:SM-EFT' on page 7 undefined on input line 179.


LaTeX Warning: Reference `ch:eft_sensitivity' on page 7 undefined on input line 179.

[7]
chapter 3.

Package natbib Warning: Citation `lhc2' on page 8 undefined on input line 186.


Package natbib Warning: Citation `lhc_run3' on page 8 undefined on input line 186.


Package natbib Warning: Citation `atlas' on page 8 undefined on input line 188.


LaTeX Warning: Reference `fig:atlas' on page 8 undefined on input line 188.

<figures/atlas/atlas3.png, id=118, 1093.08376pt x 1084.05pt>
File: figures/atlas/atlas3.png Graphic file (type png)
<use figures/atlas/atlas3.png>
Package pdftex.def Info: figures/atlas/atlas3.png  used on input line 192.
(pdftex.def)             Requested size: 277.69916pt x 275.39526pt.

Package natbib Warning: Citation `atlas' on page 8 undefined on input line 198.


Package natbib Warning: Citation `atlas' on page 8 undefined on input line 200.

[8


]

Package natbib Warning: Citation `atlas' on page 9 undefined on input line 202.


LaTeX Warning: Reference `fig:atlas' on page 9 undefined on input line 205.


Package natbib Warning: Citation `atlas_calorimeter' on page 9 undefined on input line 205.


Package natbib Warning: Citation `atlas_calorimeter' on page 9 undefined on input line 207.

[9 <./figures/atlas/atlas3.png>]

Package natbib Warning: Citation `atlas_calorimeter' on page 10 undefined on input line 209.


Package natbib Warning: Citation `atlas' on page 10 undefined on input line 212.


Package natbib Warning: Citation `atlas' on page 10 undefined on input line 214.

[10]
chapter 4.

Package natbib Warning: Citation `algorithm_transfod' on page 11 undefined on input line 223.


LaTeX Warning: Reference `sec:theory_ttZ_ttW' on page 11 undefined on input line 246.

[11


]

LaTeX Warning: Reference `fig:InitialSeparationPlotsETMissdR' on page 12 undefined on input line 254.


LaTeX Warning: Reference `fig:InitialSeparationPlotsETMissdR' on page 12 undefined on input line 254.


LaTeX Warning: Reference `tab:Regions' on page 12 undefined on input line 254.


LaTeX Warning: Reference `tab:Yields' on page 12 undefined on input line 254.

<./figures/initial_config/separation/_hiZ_sep_eT_miss.pdf, id=145, 569.12625pt x 553.06625pt>
File: ./figures/initial_config/separation/_hiZ_sep_eT_miss.pdf Graphic file (type pdf)
<use ./figures/initial_config/separation/_hiZ_sep_eT_miss.pdf>
Package pdftex.def Info: ./figures/initial_config/separation/_hiZ_sep_eT_miss.pdf  used on input line 276.
(pdftex.def)             Requested size: 182.09485pt x 176.95949pt.
<./figures/initial_config/separation/_hiZ_sep_dRllz1_dR.pdf, id=146, 569.12625pt x 553.06625pt>
File: ./figures/initial_config/separation/_hiZ_sep_dRllz1_dR.pdf Graphic file (type pdf)
<use ./figures/initial_config/separation/_hiZ_sep_dRllz1_dR.pdf>
Package pdftex.def Info: ./figures/initial_config/separation/_hiZ_sep_dRllz1_dR.pdf  used on input line 277.
(pdftex.def)             Requested size: 182.09485pt x 176.95949pt.

LaTeX Warning: Reference `sec:NeuralNetworkArchitecture' on page 12 undefined on input line 285.


LaTeX Warning: Reference `fig:Final2DSeparationPlots' on page 12 undefined on input line 287.


LaTeX Warning: Reference `fig:Final2DSeparationPlots' on page 12 undefined on input line 287.

[12]

LaTeX Warning: Reference `tab:Regions' on page 13 undefined on input line 289.


LaTeX Warning: Reference `tab:Yields' on page 13 undefined on input line 289.

Package epstopdf Info: Source file: <./figures/final_config/2d_mva/MyModel_ttZ_2DMVA.eps>
(epstopdf)                    date: 2022-06-30 17:03:01
(epstopdf)                    size: 175825 bytes
(epstopdf)             Output file: <./figures/final_config/2d_mva/MyModel_ttZ_2DMVA-eps-converted-to.pdf>
(epstopdf)                    date: 2022-06-30 17:04:13
(epstopdf)                    size: 36106 bytes
(epstopdf)             Command: <repstopdf --outfile=./figures/final_config/2d_mva/MyModel_ttZ_2DMVA-eps-converted-to.pdf ./figures/final_config/2d_mva/MyModel_ttZ_2DMVA.eps>
(epstopdf)             \includegraphics on input line 307.
Package epstopdf Info: Output file is already uptodate.
<./figures/final_config/2d_mva/MyModel_ttZ_2DMVA-eps-converted-to.pdf, id=154, 569.12625pt x 409.53pt>
File: ./figures/final_config/2d_mva/MyModel_ttZ_2DMVA-eps-converted-to.pdf Graphic file (type pdf)
<use ./figures/final_config/2d_mva/MyModel_ttZ_2DMVA-eps-converted-to.pdf>
Package pdftex.def Info: ./figures/final_config/2d_mva/MyModel_ttZ_2DMVA-eps-converted-to.pdf  used on input line 307.
(pdftex.def)             Requested size: 182.09485pt x 131.03352pt.
Package epstopdf Info: Source file: <./figures/final_config/2d_mva/MyModel_ttW_2DMVA.eps>
(epstopdf)                    date: 2022-06-30 17:02:51
(epstopdf)                    size: 170306 bytes
(epstopdf)             Output file: <./figures/final_config/2d_mva/MyModel_ttW_2DMVA-eps-converted-to.pdf>
(epstopdf)                    date: 2022-06-30 17:04:14
(epstopdf)                    size: 36052 bytes
(epstopdf)             Command: <repstopdf --outfile=./figures/final_config/2d_mva/MyModel_ttW_2DMVA-eps-converted-to.pdf ./figures/final_config/2d_mva/MyModel_ttW_2DMVA.eps>
(epstopdf)             \includegraphics on input line 308.
Package epstopdf Info: Output file is already uptodate.
<./figures/final_config/2d_mva/MyModel_ttW_2DMVA-eps-converted-to.pdf, id=155, 569.12625pt x 409.53pt>
File: ./figures/final_config/2d_mva/MyModel_ttW_2DMVA-eps-converted-to.pdf Graphic file (type pdf)
<use ./figures/final_config/2d_mva/MyModel_ttW_2DMVA-eps-converted-to.pdf>
Package pdftex.def Info: ./figures/final_config/2d_mva/MyModel_ttW_2DMVA-eps-converted-to.pdf  used on input line 308.
(pdftex.def)             Requested size: 182.09485pt x 131.03352pt.
Package epstopdf Info: Source file: <./figures/final_config/2d_mva/MyModel_Fakese(HF)_2DMVA.eps>
(epstopdf)                    date: 2022-06-30 17:03:21
(epstopdf)                    size: 149346 bytes
(epstopdf)             Output file: <./figures/final_config/2d_mva/MyModel_Fakese(HF)_2DMVA-eps-converted-to.pdf>
(epstopdf)                    date: 2022-06-30 17:04:49
(epstopdf)                    size: 35153 bytes
(epstopdf)             Command: <repstopdf --outfile=./figures/final_config/2d_mva/MyModel_Fakese(HF)_2DMVA-eps-converted-to.pdf ./figures/final_config/2d_mva/MyModel_Fakese(HF)_2DMVA.eps>
(epstopdf)             \includegraphics on input line 310.
Package epstopdf Info: Output file is already uptodate.
<./figures/final_config/2d_mva/MyModel_Fakese(HF)_2DMVA-eps-converted-to.pdf, id=156, 569.12625pt x 409.53pt>
File: ./figures/final_config/2d_mva/MyModel_Fakese(HF)_2DMVA-eps-converted-to.pdf Graphic file (type pdf)
<use ./figures/final_config/2d_mva/MyModel_Fakese(HF)_2DMVA-eps-converted-to.pdf>
Package pdftex.def Info: ./figures/final_config/2d_mva/MyModel_Fakese(HF)_2DMVA-eps-converted-to.pdf  used on input line 310.
(pdftex.def)             Requested size: 182.09485pt x 131.03352pt.
Package epstopdf Info: Source file: <./figures/final_config/2d_mva/MyModel_Fakesmu(HF)_2DMVA.eps>
(epstopdf)                    date: 2022-06-30 17:03:41
(epstopdf)                    size: 156332 bytes
(epstopdf)             Output file: <./figures/final_config/2d_mva/MyModel_Fakesmu(HF)_2DMVA-eps-converted-to.pdf>
(epstopdf)                    date: 2022-06-30 17:05:06
(epstopdf)                    size: 36509 bytes
(epstopdf)             Command: <repstopdf --outfile=./figures/final_config/2d_mva/MyModel_Fakesmu(HF)_2DMVA-eps-converted-to.pdf ./figures/final_config/2d_mva/MyModel_Fakesmu(HF)_2DMVA.eps>
(epstopdf)             \includegraphics on input line 311.
Package epstopdf Info: Output file is already uptodate.
<./figures/final_config/2d_mva/MyModel_Fakesmu(HF)_2DMVA-eps-converted-to.pdf, id=157, 569.12625pt x 409.53pt>
File: ./figures/final_config/2d_mva/MyModel_Fakesmu(HF)_2DMVA-eps-converted-to.pdf Graphic file (type pdf)
<use ./figures/final_config/2d_mva/MyModel_Fakesmu(HF)_2DMVA-eps-converted-to.pdf>
Package pdftex.def Info: ./figures/final_config/2d_mva/MyModel_Fakesmu(HF)_2DMVA-eps-converted-to.pdf  used on input line 311.
(pdftex.def)             Requested size: 182.09485pt x 131.03352pt.
[13 <./figures/initial_config/separation/_hiZ_sep_eT_miss.pdf, page is rotated 90 degrees> <./figures/initial_config/separation/_hiZ_sep_dRllz1_dR.pdf, page is rotated 90 degrees>] [14 <./figures/final_config/2d_mva/MyModel_ttZ_2DMVA-eps-converted-to.pdf> <./figures/final_config/2d_mva/MyModel_ttW_2DMVA-eps-converted-to.pdf> <./figures/final_config/2d_mva/MyModel_Fakese(HF)_2DMVA-eps-converted-to.pdf> <./figures/final_config/2d_mva/MyModel_Fakesmu(HF)_2DMVA-eps-converted-to.pdf>]
chapter 5.

Package natbib Warning: Citation `nn_application01' on page 15 undefined on input line 357.


Package natbib Warning: Citation `nn_application02' on page 15 undefined on input line 357.


Package natbib Warning: Citation `nn_application03' on page 15 undefined on input line 357.


Package natbib Warning: Citation `nn_hist01' on page 15 undefined on input line 360.


Package natbib Warning: Citation `nn_hist02' on page 15 undefined on input line 360.


LaTeX Warning: Reference `fig:NeuralNetwork' on page 15 undefined on input line 362.


Package natbib Warning: Citation `nn_nodecalculation' on page 15 undefined on input line 362.


Package natbib Warning: Citation `nn_nodecalculation' on page 15 undefined on input line 364.

[15


]

Package natbib Warning: Citation `nn_nodecalculation' on page 16 undefined on input line 368.


LaTeX Warning: Reference `fig:NeuralNetwork' on page 16 undefined on input line 368.


Package natbib Warning: Citation `nn_activationfunction' on page 16 undefined on input line 368.


Package natbib Warning: Citation `nn_overfitting' on page 16 undefined on input line 370.


Package natbib Warning: Citation `nn_overfitting' on page 16 undefined on input line 370.

<figures/neural_networks/nn_map.png, id=286, 264.99pt x 164.2938pt>
File: figures/neural_networks/nn_map.png Graphic file (type png)
<use figures/neural_networks/nn_map.png>
Package pdftex.def Info: figures/neural_networks/nn_map.png  used on input line 375.
(pdftex.def)             Requested size: 236.72885pt x 146.77252pt.

Overfull \hbox (9.10681pt too wide) in paragraph at lines 375--375
[]|[]| 
 []

<figures/neural_networks/nn_node.png, id=287, 476.833pt x 283.86464pt>
File: figures/neural_networks/nn_node.png Graphic file (type png)
<use figures/neural_networks/nn_node.png>
Package pdftex.def Info: figures/neural_networks/nn_node.png  used on input line 376.
(pdftex.def)             Requested size: 213.96527pt x 127.37405pt.

Overfull \hbox (9.10683pt too wide) in paragraph at lines 376--377
[]|[]| 
 []


Overfull \hbox (1.2364pt too wide) in paragraph at lines 374--378
 [][] 
 []


LaTeX Warning: Reference `sec:NeuralNetworkBasedRegionDefinition' on page 16 undefined on input line 385.


Package natbib Warning: Citation `nn_keras' on page 16 undefined on input line 387.


Package natbib Warning: Citation `nn_tensorflow' on page 16 undefined on input line 387.


Package natbib Warning: Citation `nn_scikit-learn' on page 16 undefined on input line 387.

[16 <./figures/neural_networks/nn_map.png> <./figures/neural_networks/nn_node.png (PNG copy)>]

Package natbib Warning: Citation `nn_parameters' on page 17 undefined on input line 389.


Package natbib Warning: Citation `nn_activationfunction' on page 17 undefined on input line 389.


Package natbib Warning: Citation `nn_parameters' on page 17 undefined on input line 389.


Package natbib Warning: Citation `nn_nadamoptimiser' on page 17 undefined on input line 389.


Package natbib Warning: Citation `nn_kfolding' on page 17 undefined on input line 391.


Package natbib Warning: Citation `nn_parameters' on page 17 undefined on input line 391.


Package natbib Warning: Citation `nn_nodecalculation' on page 17 undefined on input line 391.


LaTeX Warning: Reference `sec:theory_ttZ_ttW' on page 17 undefined on input line 395.


LaTeX Warning: Reference `sec:CountAndCountBasedRegionDefinition' on page 17 undefined on input line 395.


LaTeX Warning: Reference `sec:theory_ttZ_ttW' on page 17 undefined on input line 397.


LaTeX Warning: Reference `fig:PermutationImportance' on page 17 undefined on input line 399.

[17]
Package epstopdf Info: Source file: <figures/neural_networks/output/MyModel_Permutation_ImportancettZ.eps>
(epstopdf)                    date: 2022-07-01 12:06:57
(epstopdf)                    size: 119721 bytes
(epstopdf)             Output file: <figures/neural_networks/output/MyModel_Permutation_ImportancettZ-eps-converted-to.pdf>
(epstopdf)                    date: 2022-07-01 12:07:04
(epstopdf)                    size: 38870 bytes
(epstopdf)             Command: <repstopdf --outfile=figures/neural_networks/output/MyModel_Permutation_ImportancettZ-eps-converted-to.pdf figures/neural_networks/output/MyModel_Permutation_ImportancettZ.eps>
(epstopdf)             \includegraphics on input line 403.
Package epstopdf Info: Output file is already uptodate.
<figures/neural_networks/output/MyModel_Permutation_ImportancettZ-eps-converted-to.pdf, id=301, 569.12625pt x 552.0625pt>
File: figures/neural_networks/output/MyModel_Permutation_ImportancettZ-eps-converted-to.pdf Graphic file (type pdf)
<use figures/neural_networks/output/MyModel_Permutation_ImportancettZ-eps-converted-to.pdf>
Package pdftex.def Info: figures/neural_networks/output/MyModel_Permutation_ImportancettZ-eps-converted-to.pdf  used on input line 403.
(pdftex.def)             Requested size: 145.68143pt x 141.30898pt.
Package epstopdf Info: Source file: <figures/neural_networks/output/MyModel_Permutation_ImportancettW.eps>
(epstopdf)                    date: 2022-07-01 12:04:29
(epstopdf)                    size: 123126 bytes
(epstopdf)             Output file: <figures/neural_networks/output/MyModel_Permutation_ImportancettW-eps-converted-to.pdf>
(epstopdf)                    date: 2022-07-01 12:06:05
(epstopdf)                    size: 40132 bytes
(epstopdf)             Command: <repstopdf --outfile=figures/neural_networks/output/MyModel_Permutation_ImportancettW-eps-converted-to.pdf figures/neural_networks/output/MyModel_Permutation_ImportancettW.eps>
(epstopdf)             \includegraphics on input line 404.
Package epstopdf Info: Output file is already uptodate.
<figures/neural_networks/output/MyModel_Permutation_ImportancettW-eps-converted-to.pdf, id=302, 569.12625pt x 552.0625pt>
File: figures/neural_networks/output/MyModel_Permutation_ImportancettW-eps-converted-to.pdf Graphic file (type pdf)
<use figures/neural_networks/output/MyModel_Permutation_ImportancettW-eps-converted-to.pdf>
Package pdftex.def Info: figures/neural_networks/output/MyModel_Permutation_ImportancettW-eps-converted-to.pdf  used on input line 404.
(pdftex.def)             Requested size: 145.68143pt x 141.30898pt.
Package epstopdf Info: Source file: <figures/neural_networks/output/MyModel_Permutation_ImportanceFakes.eps>
(epstopdf)                    date: 2022-07-01 12:03:06
(epstopdf)                    size: 122803 bytes
(epstopdf)             Output file: <figures/neural_networks/output/MyModel_Permutation_ImportanceFakes-eps-converted-to.pdf>
(epstopdf)                    date: 2022-07-01 12:03:14
(epstopdf)                    size: 40040 bytes
(epstopdf)             Command: <repstopdf --outfile=figures/neural_networks/output/MyModel_Permutation_ImportanceFakes-eps-converted-to.pdf figures/neural_networks/output/MyModel_Permutation_ImportanceFakes.eps>
(epstopdf)             \includegraphics on input line 405.
Package epstopdf Info: Output file is already uptodate.
<figures/neural_networks/output/MyModel_Permutation_ImportanceFakes-eps-converted-to.pdf, id=303, 569.12625pt x 552.0625pt>
File: figures/neural_networks/output/MyModel_Permutation_ImportanceFakes-eps-converted-to.pdf Graphic file (type pdf)
<use figures/neural_networks/output/MyModel_Permutation_ImportanceFakes-eps-converted-to.pdf>
Package pdftex.def Info: figures/neural_networks/output/MyModel_Permutation_ImportanceFakes-eps-converted-to.pdf  used on input line 405.
(pdftex.def)             Requested size: 145.68143pt x 141.30898pt.


LaTeX Warning: Reference `fig:ConfusionMatricies' on page 18 undefined on input line 410.


LaTeX Warning: Reference `tab:Yields' on page 18 undefined on input line 410.


LaTeX Warning: Reference `tab:Yields' on page 18 undefined on input line 410.


Package natbib Warning: Citation `nn_roccurve' on page 18 undefined on input line 412.


Package natbib Warning: Citation `nn_roccurve' on page 18 undefined on input line 412.


LaTeX Warning: Reference `fig:nn_OutputROCCurves' on page 18 undefined on input line 412.

Package epstopdf Info: Source file: <figures/neural_networks/output/MyModel_Confusion_ttZ.eps>
(epstopdf)                    date: 2022-06-30 16:07:40
(epstopdf)                    size: 20896 bytes
(epstopdf)             Output file: <figures/neural_networks/output/MyModel_Confusion_ttZ-eps-converted-to.pdf>
(epstopdf)                    date: 2022-06-30 16:30:10
(epstopdf)                    size: 12542 bytes
(epstopdf)             Command: <repstopdf --outfile=figures/neural_networks/output/MyModel_Confusion_ttZ-eps-converted-to.pdf figures/neural_networks/output/MyModel_Confusion_ttZ.eps>
(epstopdf)             \includegraphics on input line 416.
Package epstopdf Info: Output file is already uptodate.
<figures/neural_networks/output/MyModel_Confusion_ttZ-eps-converted-to.pdf, id=304, 573.14125pt x 409.53pt>
File: figures/neural_networks/output/MyModel_Confusion_ttZ-eps-converted-to.pdf Graphic file (type pdf)
<use figures/neural_networks/output/MyModel_Confusion_ttZ-eps-converted-to.pdf>
Package pdftex.def Info: figures/neural_networks/output/MyModel_Confusion_ttZ-eps-converted-to.pdf  used on input line 416.
(pdftex.def)             Requested size: 191.20168pt x 136.62006pt.
Package epstopdf Info: Source file: <figures/neural_networks/output/MyModel_Confusion_ttW.eps>
(epstopdf)                    date: 2022-06-30 16:25:03
(epstopdf)                    size: 58833 bytes
(epstopdf)             Output file: <figures/neural_networks/output/MyModel_Confusion_ttW-eps-converted-to.pdf>
(epstopdf)                    date: 2022-06-30 16:30:12
(epstopdf)                    size: 12472 bytes
(epstopdf)             Command: <repstopdf --outfile=figures/neural_networks/output/MyModel_Confusion_ttW-eps-converted-to.pdf figures/neural_networks/output/MyModel_Confusion_ttW.eps>
(epstopdf)             \includegraphics on input line 418.
Package epstopdf Info: Output file is already uptodate.
<figures/neural_networks/output/MyModel_Confusion_ttW-eps-converted-to.pdf, id=305, 573.14125pt x 409.53pt>
File: figures/neural_networks/output/MyModel_Confusion_ttW-eps-converted-to.pdf Graphic file (type pdf)
<use figures/neural_networks/output/MyModel_Confusion_ttW-eps-converted-to.pdf>
Package pdftex.def Info: figures/neural_networks/output/MyModel_Confusion_ttW-eps-converted-to.pdf  used on input line 418.
(pdftex.def)             Requested size: 191.20168pt x 136.62006pt.
Package epstopdf Info: Source file: <figures/neural_networks/output/MyModel_Confusion_Fakes.eps>
(epstopdf)                    date: 2022-06-30 16:47:18
(epstopdf)                    size: 129456 bytes
(epstopdf)             Output file: <figures/neural_networks/output/MyModel_Confusion_Fakes-eps-converted-to.pdf>
(epstopdf)                    date: 2022-06-30 16:47:25
(epstopdf)                    size: 36488 bytes
(epstopdf)             Command: <repstopdf --outfile=figures/neural_networks/output/MyModel_Confusion_Fakes-eps-converted-to.pdf figures/neural_networks/output/MyModel_Confusion_Fakes.eps>
(epstopdf)             \includegraphics on input line 419.
Package epstopdf Info: Output file is already uptodate.
<figures/neural_networks/output/MyModel_Confusion_Fakes-eps-converted-to.pdf, id=306, 577.15625pt x 409.53pt>
File: figures/neural_networks/output/MyModel_Confusion_Fakes-eps-converted-to.pdf Graphic file (type pdf)
<use figures/neural_networks/output/MyModel_Confusion_Fakes-eps-converted-to.pdf>
Package pdftex.def Info: figures/neural_networks/output/MyModel_Confusion_Fakes-eps-converted-to.pdf  used on input line 419.
(pdftex.def)             Requested size: 193.02165pt x 136.96375pt.
Package epstopdf Info: Source file: <figures/neural_networks/output/MyModel_ROCCurve_Combined_ttZ.eps>
(epstopdf)                    date: 2022-06-30 16:49:46
(epstopdf)                    size: 74984 bytes
(epstopdf)             Output file: <figures/neural_networks/output/MyModel_ROCCurve_Combined_ttZ-eps-converted-to.pdf>
(epstopdf)                    date: 2022-06-30 16:49:56
(epstopdf)                    size: 25674 bytes
(epstopdf)             Command: <repstopdf --outfile=figures/neural_networks/output/MyModel_ROCCurve_Combined_ttZ-eps-converted-to.pdf figures/neural_networks/output/MyModel_ROCCurve_Combined_ttZ.eps>
(epstopdf)             \includegraphics on input line 426.
Package epstopdf Info: Output file is already uptodate.
<figures/neural_networks/output/MyModel_ROCCurve_Combined_ttZ-eps-converted-to.pdf, id=307, 569.12625pt x 409.53pt>
File: figures/neural_networks/output/MyModel_ROCCurve_Combined_ttZ-eps-converted-to.pdf Graphic file (type pdf)
<use figures/neural_networks/output/MyModel_ROCCurve_Combined_ttZ-eps-converted-to.pdf>
Package pdftex.def Info: figures/neural_networks/output/MyModel_ROCCurve_Combined_ttZ-eps-converted-to.pdf  used on input line 426.
(pdftex.def)             Requested size: 191.20168pt x 137.58238pt.
Package epstopdf Info: Source file: <figures/neural_networks/output/MyModel_ROCCurve_Combined_ttW.eps>
(epstopdf)                    date: 2022-06-30 16:51:33
(epstopdf)                    size: 76665 bytes
(epstopdf)             Output file: <figures/neural_networks/output/MyModel_ROCCurve_Combined_ttW-eps-converted-to.pdf>
(epstopdf)                    date: 2022-06-30 16:51:41
(epstopdf)                    size: 26184 bytes
(epstopdf)             Command: <repstopdf --outfile=figures/neural_networks/output/MyModel_ROCCurve_Combined_ttW-eps-converted-to.pdf figures/neural_networks/output/MyModel_ROCCurve_Combined_ttW.eps>
(epstopdf)             \includegraphics on input line 428.
Package epstopdf Info: Output file is already uptodate.
<figures/neural_networks/output/MyModel_ROCCurve_Combined_ttW-eps-converted-to.pdf, id=308, 569.12625pt x 409.53pt>
File: figures/neural_networks/output/MyModel_ROCCurve_Combined_ttW-eps-converted-to.pdf Graphic file (type pdf)
<use figures/neural_networks/output/MyModel_ROCCurve_Combined_ttW-eps-converted-to.pdf>
Package pdftex.def Info: figures/neural_networks/output/MyModel_ROCCurve_Combined_ttW-eps-converted-to.pdf  used on input line 428.
(pdftex.def)             Requested size: 191.20168pt x 137.58238pt.
Package epstopdf Info: Source file: <figures/neural_networks/output/MyModel_ROCCurve_Combined_Fakes.eps>
(epstopdf)                    date: 2022-06-30 16:50:38
(epstopdf)                    size: 78328 bytes
(epstopdf)             Output file: <figures/neural_networks/output/MyModel_ROCCurve_Combined_Fakes-eps-converted-to.pdf>
(epstopdf)                    date: 2022-06-30 16:51:14
(epstopdf)                    size: 26927 bytes
(epstopdf)             Command: <repstopdf --outfile=figures/neural_networks/output/MyModel_ROCCurve_Combined_Fakes-eps-converted-to.pdf figures/neural_networks/output/MyModel_ROCCurve_Combined_Fakes.eps>
(epstopdf)             \includegraphics on input line 429.
Package epstopdf Info: Output file is already uptodate.
<figures/neural_networks/output/MyModel_ROCCurve_Combined_Fakes-eps-converted-to.pdf, id=309, 569.12625pt x 409.53pt>
File: figures/neural_networks/output/MyModel_ROCCurve_Combined_Fakes-eps-converted-to.pdf Graphic file (type pdf)
<use figures/neural_networks/output/MyModel_ROCCurve_Combined_Fakes-eps-converted-to.pdf>
Package pdftex.def Info: figures/neural_networks/output/MyModel_ROCCurve_Combined_Fakes-eps-converted-to.pdf  used on input line 429.
(pdftex.def)             Requested size: 191.20168pt x 137.58238pt.

Package natbib Warning: Citation `fitting_profilelikelihood01' on page 18 undefined on input line 466.

[18 <./figures/neural_networks/output/MyModel_Permutation_ImportancettZ-eps-converted-to.pdf> <./figures/neural_networks/output/MyModel_Permutation_ImportancettW-eps-converted-to.pdf> <./figures/neural_networks/output/MyModel_Permutation_ImportanceFakes-eps-converted-to.pdf>]

Package natbib Warning: Citation `fitting_pullplots' on page 19 undefined on input line 472.


LaTeX Warning: Reference `ch:theoretical_and_experimental_systematic_uncertainties' on page 19 undefined on input line 474.


LaTeX Warning: Reference `ch:measurements_of_the_inclusive_cross_section' on page 19 undefined on input line 474.

[19 <./figures/neural_networks/output/MyModel_Confusion_ttZ-eps-converted-to.pdf> <./figures/neural_networks/output/MyModel_Confusion_ttW-eps-converted-to.pdf> <./figures/neural_networks/output/MyModel_Confusion_Fakes-eps-converted-to.pdf>] [20 <./figures/neural_networks/output/MyModel_ROCCurve_Combined_ttZ-eps-converted-to.pdf> <./figures/neural_networks/output/MyModel_ROCCurve_Combined_ttW-eps-converted-to.pdf> <./figures/neural_networks/output/MyModel_ROCCurve_Combined_Fakes-eps-converted-to.pdf>]
chapter 6.

Package natbib Warning: Citation `uncertainty_luminosity02' on page 21 undefined on input line 483.


Package natbib Warning: Citation `uncertainty_luminosity01' on page 21 undefined on input line 483.


Package natbib Warning: Citation `uncertainty_pileup' on page 21 undefined on input line 485.


Package natbib Warning: Citation `uncertainty_lepton01' on page 21 undefined on input line 487.


Package natbib Warning: Citation `uncertainty_lepton02' on page 21 undefined on input line 487.


Package natbib Warning: Citation `uncertainty_missingenergy' on page 21 undefined on input line 489.


Package natbib Warning: Citation `uncertainty_lepton01' on page 21 undefined on input line 489.


Package natbib Warning: Citation `uncertainty_jet01' on page 21 undefined on input line 491.

[21


]

Package natbib Warning: Citation `uncertainty_tagging_b' on page 22 undefined on input line 493.


Package natbib Warning: Citation `uncertainty_tagging_c' on page 22 undefined on input line 493.


Package natbib Warning: Citation `uncertainty_tagging_light' on page 22 undefined on input line 493.


Package natbib Warning: Citation `uncertainty_ttZ01' on page 22 undefined on input line 497.


Package natbib Warning: Citation `uncertainty_pdf' on page 22 undefined on input line 497.


Package natbib Warning: Citation `uncertainty_ttZ02' on page 22 undefined on input line 497.


Package natbib Warning: Citation `uncertainty_herwig' on page 22 undefined on input line 497.


Package natbib Warning: Citation `atlas_ttz' on page 22 undefined on input line 499.


Package natbib Warning: Citation `uncertainty_tWZ01' on page 22 undefined on input line 501.

[22]

Package natbib Warning: Citation `uncertainty_tZq01' on page 23 undefined on input line 503.


Package natbib Warning: Citation `uncertainty_tZq02' on page 23 undefined on input line 503.


Package natbib Warning: Citation `uncertainty_tZq03' on page 23 undefined on input line 503.


Package natbib Warning: Citation `uncertainty_ttH01' on page 23 undefined on input line 505.


LaTeX Warning: Reference `tab:Yields' on page 23 undefined on input line 507.

[23]
chapter 7.

LaTeX Warning: Reference `sec:FittingAlgorithm' on page 24 undefined on input line 512.


LaTeX Warning: Reference `ch:region_definition' on page 24 undefined on input line 512.


LaTeX Warning: Reference `fig:InitialPostFit' on page 24 undefined on input line 516.


LaTeX Warning: Reference `sec:preselection' on page 24 undefined on input line 516.


LaTeX Warning: Reference `fig:InitialRankingPlots' on page 24 undefined on input line 522.


LaTeX Warning: Reference `tab:Yields' on page 24 undefined on input line 522.


LaTeX Warning: Reference `fig:PullPlots' on page 24 undefined on input line 522.

[24


]
<figures/initial_config/distribution/region1_postFit.png, id=431, 598.235pt x 674.52pt>
File: figures/initial_config/distribution/region1_postFit.png Graphic file (type png)
<use figures/initial_config/distribution/region1_postFit.png>
Package pdftex.def Info: figures/initial_config/distribution/region1_postFit.png  used on input line 526.
(pdftex.def)             Requested size: 145.68143pt x 164.25534pt.
<figures/initial_config/distribution/region2_postFit.png, id=432, 598.235pt x 674.52pt>
File: figures/initial_config/distribution/region2_postFit.png Graphic file (type png)
<use figures/initial_config/distribution/region2_postFit.png>
Package pdftex.def Info: figures/initial_config/distribution/region2_postFit.png  used on input line 527.
(pdftex.def)             Requested size: 145.68143pt x 164.25534pt.
<figures/initial_config/distribution/region3_postFit.png, id=433, 598.235pt x 674.52pt>
File: figures/initial_config/distribution/region3_postFit.png Graphic file (type png)
<use figures/initial_config/distribution/region3_postFit.png>
Package pdftex.def Info: figures/initial_config/distribution/region3_postFit.png  used on input line 528.
(pdftex.def)             Requested size: 145.68143pt x 164.25534pt.
<figures/initial_config/ranking/RankingSysts_mu_ttZ_systs.png, id=434, 598.235pt x 508.90125pt>
File: figures/initial_config/ranking/RankingSysts_mu_ttZ_systs.png Graphic file (type png)
<use figures/initial_config/ranking/RankingSysts_mu_ttZ_systs.png>
Package pdftex.def Info: figures/initial_config/ranking/RankingSysts_mu_ttZ_systs.png  used on input line 537.
(pdftex.def)             Requested size: 145.68143pt x 123.92479pt.
<figures/initial_config/ranking/RankingSysts_N_ttW_systs.png, id=435, 598.235pt x 508.90125pt>
File: figures/initial_config/ranking/RankingSysts_N_ttW_systs.png Graphic file (type png)
<use figures/initial_config/ranking/RankingSysts_N_ttW_systs.png>
Package pdftex.def Info: figures/initial_config/ranking/RankingSysts_N_ttW_systs.png  used on input line 538.
(pdftex.def)             Requested size: 145.68143pt x 123.92479pt.
<figures/initial_config/ranking/RankingSysts_N_Fakes_systs.png, id=436, 598.235pt x 508.90125pt>
File: figures/initial_config/ranking/RankingSysts_N_Fakes_systs.png Graphic file (type png)
<use figures/initial_config/ranking/RankingSysts_N_Fakes_systs.png>
Package pdftex.def Info: figures/initial_config/ranking/RankingSysts_N_Fakes_systs.png  used on input line 539.
(pdftex.def)             Requested size: 145.68143pt x 123.92479pt.


LaTeX Warning: Reference `fig:FinalPostFitPlots' on page 25 undefined on input line 562.

[25 <./figures/initial_config/distribution/region1_postFit.png> <./figures/initial_config/distribution/region2_postFit.png> <./figures/initial_config/distribution/region3_postFit.png> <./figures/initial_config/ranking/RankingSysts_mu_ttZ_systs.png> <./figures/initial_config/ranking/RankingSysts_N_ttW_systs.png> <./figures/initial_config/ranking/RankingSysts_N_Fakes_systs.png>]

LaTeX Warning: Reference `fig:FinalRankingPlots' on page 26 undefined on input line 569.


LaTeX Warning: Reference `fig:PullPlots' on page 26 undefined on input line 569.

<figures/final_config/distribution/SR-offZ-ttZ_postFit.png, id=444, 598.235pt x 674.52pt>
File: figures/final_config/distribution/SR-offZ-ttZ_postFit.png Graphic file (type png)
<use figures/final_config/distribution/SR-offZ-ttZ_postFit.png>
Package pdftex.def Info: figures/final_config/distribution/SR-offZ-ttZ_postFit.png  used on input line 573.
(pdftex.def)             Requested size: 145.68143pt x 164.25534pt.
<figures/final_config/distribution/CR-offZ-ttW_postFit.png, id=445, 598.235pt x 674.52pt>
File: figures/final_config/distribution/CR-offZ-ttW_postFit.png Graphic file (type png)
<use figures/final_config/distribution/CR-offZ-ttW_postFit.png>
Package pdftex.def Info: figures/final_config/distribution/CR-offZ-ttW_postFit.png  used on input line 574.
(pdftex.def)             Requested size: 145.68143pt x 164.25534pt.
<figures/final_config/distribution/CR-offZ-Fakes_postFit.png, id=446, 598.235pt x 674.52pt>
File: figures/final_config/distribution/CR-offZ-Fakes_postFit.png Graphic file (type png)
<use figures/final_config/distribution/CR-offZ-Fakes_postFit.png>
Package pdftex.def Info: figures/final_config/distribution/CR-offZ-Fakes_postFit.png  used on input line 575.
(pdftex.def)             Requested size: 145.68143pt x 164.25534pt.
<figures/final_config/ranking/RankingSysts_mu_ttZ_systs.png, id=447, 598.235pt x 508.90125pt>
File: figures/final_config/ranking/RankingSysts_mu_ttZ_systs.png Graphic file (type png)
<use figures/final_config/ranking/RankingSysts_mu_ttZ_systs.png>
Package pdftex.def Info: figures/final_config/ranking/RankingSysts_mu_ttZ_systs.png  used on input line 583.
(pdftex.def)             Requested size: 145.68143pt x 123.92479pt.
<figures/final_config/ranking/RankingSysts_N_ttW_systs.png, id=448, 598.235pt x 508.90125pt>
File: figures/final_config/ranking/RankingSysts_N_ttW_systs.png Graphic file (type png)
<use figures/final_config/ranking/RankingSysts_N_ttW_systs.png>
Package pdftex.def Info: figures/final_config/ranking/RankingSysts_N_ttW_systs.png  used on input line 584.
(pdftex.def)             Requested size: 145.68143pt x 123.92479pt.
<figures/final_config/ranking/RankingSysts_N_Fakes_systs.png, id=449, 598.235pt x 508.90125pt>
File: figures/final_config/ranking/RankingSysts_N_Fakes_systs.png Graphic file (type png)
<use figures/final_config/ranking/RankingSysts_N_Fakes_systs.png>
Package pdftex.def Info: figures/final_config/ranking/RankingSysts_N_Fakes_systs.png  used on input line 585.
(pdftex.def)             Requested size: 145.68143pt x 123.92479pt.

LaTeX Warning: Reference `tab:Yields' on page 26 undefined on input line 592.


LaTeX Warning: Reference `tab:Yields' on page 26 undefined on input line 594.

[26 <./figures/final_config/distribution/SR-offZ-ttZ_postFit.png> <./figures/final_config/distribution/CR-offZ-ttW_postFit.png> <./figures/final_config/distribution/CR-offZ-Fakes_postFit.png>]

Package natbib Warning: Citation `highlumiupgrade' on page 27 undefined on input line 598.

<figures/initial_config/pullplots/NuisPar.png, id=459, 798.985pt x 2541.495pt>
File: figures/initial_config/pullplots/NuisPar.png Graphic file (type png)
<use figures/initial_config/pullplots/NuisPar.png>
Package pdftex.def Info: figures/initial_config/pullplots/NuisPar.png  used on input line 602.
(pdftex.def)             Requested size: 200.3085pt x 637.15608pt.
<figures/final_config/pullplots/NuisPar.png, id=460, 798.985pt x 2541.495pt>
File: figures/final_config/pullplots/NuisPar.png Graphic file (type png)
<use figures/final_config/pullplots/NuisPar.png>
Package pdftex.def Info: figures/final_config/pullplots/NuisPar.png  used on input line 603.
(pdftex.def)             Requested size: 200.3085pt x 637.15608pt.

LaTeX Warning: Float too large for page by 21.74269pt on input line 606.

[27 <./figures/final_config/ranking/RankingSysts_mu_ttZ_systs.png> <./figures/final_config/ranking/RankingSysts_N_ttW_systs.png> <./figures/final_config/ranking/RankingSysts_N_Fakes_systs.png>] [28 <./figures/initial_config/pullplots/NuisPar.png> <./figures/final_config/pullplots/NuisPar.png>]
chapter 8.

LaTeX Warning: Reference `sec:theory_ttZ_ttW' on page 29 undefined on input line 611.


LaTeX Warning: Reference `eq:OparatortZ' on page 29 undefined on input line 611.


LaTeX Warning: Reference `fig:EFTDistributions' on page 29 undefined on input line 617.


LaTeX Warning: Reference `tab:CrossSectionRatio' on page 29 undefined on input line 617.


LaTeX Warning: Reference `fig:EFTDistributions' on page 29 undefined on input line 619.


Package natbib Warning: Citation `shape' on page 29 undefined on input line 619.

<figures/eft/ctBRe/cos_theta_starZ/_cos_theta_starZ_region00_ttZ.pdf, id=472, 569.12625pt x 553.06625pt>
File: figures/eft/ctBRe/cos_theta_starZ/_cos_theta_starZ_region00_ttZ.pdf Graphic file (type pdf)
<use figures/eft/ctBRe/cos_theta_starZ/_cos_theta_starZ_region00_ttZ.pdf>
Package pdftex.def Info: figures/eft/ctBRe/cos_theta_starZ/_cos_theta_starZ_region00_ttZ.pdf  used on input line 669.
(pdftex.def)             Requested size: 191.20168pt x 185.80367pt.
<figures/eft/ctBIm/cos_theta_starZ/_cos_theta_starZ_region00_ttZ.pdf, id=473, 569.12625pt x 553.06625pt>
File: figures/eft/ctBIm/cos_theta_starZ/_cos_theta_starZ_region00_ttZ.pdf Graphic file (type pdf)
<use figures/eft/ctBIm/cos_theta_starZ/_cos_theta_starZ_region00_ttZ.pdf>
Package pdftex.def Info: figures/eft/ctBIm/cos_theta_starZ/_cos_theta_starZ_region00_ttZ.pdf  used on input line 670.
(pdftex.def)             Requested size: 191.20168pt x 185.80367pt.
<figures/eft/ctWRe/cos_theta_starZ/_cos_theta_starZ_region00_ttZ.pdf, id=474, 569.12625pt x 553.06625pt>
File: figures/eft/ctWRe/cos_theta_starZ/_cos_theta_starZ_region00_ttZ.pdf Graphic file (type pdf)
<use figures/eft/ctWRe/cos_theta_starZ/_cos_theta_starZ_region00_ttZ.pdf>
Package pdftex.def Info: figures/eft/ctWRe/cos_theta_starZ/_cos_theta_starZ_region00_ttZ.pdf  used on input line 672.
(pdftex.def)             Requested size: 191.20168pt x 185.80367pt.
<figures/eft/ctWIm/cos_theta_starZ/_cos_theta_starZ_region00_ttZ.pdf, id=475, 569.12625pt x 553.06625pt>
File: figures/eft/ctWIm/cos_theta_starZ/_cos_theta_starZ_region00_ttZ.pdf Graphic file (type pdf)
<use figures/eft/ctWIm/cos_theta_starZ/_cos_theta_starZ_region00_ttZ.pdf>
Package pdftex.def Info: figures/eft/ctWIm/cos_theta_starZ/_cos_theta_starZ_region00_ttZ.pdf  used on input line 673.
(pdftex.def)             Requested size: 191.20168pt x 185.80367pt.

LaTeX Warning: Reference `eq:SeparationPower' on page 29 undefined on input line 681.

[29


]

LaTeX Warning: Reference `ch:measurements_of_the_inclusive_cross_section' on page 30 undefined on input line 683.

[30] [31 <./figures/eft/ctBRe/cos_theta_starZ/_cos_theta_starZ_region00_ttZ.pdf, page is rotated 90 degrees> <./figures/eft/ctBIm/cos_theta_starZ/_cos_theta_starZ_region00_ttZ.pdf, page is rotated 90 degrees> <./figures/eft/ctWRe/cos_theta_starZ/_cos_theta_starZ_region00_ttZ.pdf, page is rotated 90 degrees> <./figures/eft/ctWIm/cos_theta_starZ/_cos_theta_starZ_region00_ttZ.pdf, page is rotated 90 degrees>]
chapter 9.

LaTeX Warning: Reference `ch:region_definition' on page 32 undefined on input line 741.


LaTeX Warning: Reference `ch:measurements_of_the_inclusive_cross_section' on page 32 undefined on input line 747.

[32


]

LaTeX Warning: Reference `ch:eft_sensitivity' on page 33 undefined on input line 749.


LaTeX Warning: Reference `sec:theory_ttZ_ttW' on page 33 undefined on input line 751.

[33]
No file mthesis_raschke.bbl.
<./figures/sign.png, id=675, 317.988pt x 104.0688pt>
File: ./figures/sign.png Graphic file (type png)
<use ./figures/sign.png>
Package pdftex.def Info: ./figures/sign.png  used on input line 841.
(pdftex.def)             Requested size: 182.09485pt x 59.59454pt.

Package natbib Warning: There were undefined citations.

[34


 <./figures/sign.png>] (./mthesis_raschke.aux)
 ***********
LaTeX2e <2023-11-01> patch level 1
L3 programming layer <2024-01-22>
 ***********


LaTeX Warning: There were undefined references.


LaTeX Warning: Label(s) may have changed. Rerun to get cross-references right.


Package rerunfilecheck Warning: File `mthesis_raschke.out' has changed.
(rerunfilecheck)                Rerun to get outlines right
(rerunfilecheck)                or use package `bookmark'.

Package rerunfilecheck Info: Checksums for `mthesis_raschke.out':
(rerunfilecheck)             Before: <no file>
(rerunfilecheck)             After:  D41D8CD98F00B204E9800998ECF8427E;0.
 ) 
Here is how much of TeX's memory you used:
 20337 strings out of 474221
 374758 string characters out of 5750188
 1948978 words of memory out of 5000000
 42093 multiletter control sequences out of 15000+600000
 637568 words of font info for 104 fonts, out of 8000000 for 9000
 1141 hyphenation exceptions out of 8191
 122i,15n,121p,11006b,511s stack positions out of 10000i,1000n,20000p,200000b,200000s
<c:/texlive/2023/texmf-dist/fonts/type1/public/lm/lmbx12.pfb><c:/texlive/2023/texmf-dist/fonts/type1/public/lm/lmbxi10.pfb><c:/texlive/2023/texmf-dist/fonts/type1/public/lm/lmcsc10.pfb><c:/texlive/2023/texmf-dist/fonts/type1/public/lm/lmex10.pfb><c:/texlive/2023/texmf-dist/fonts/type1/public/lm/lmmi12.pfb><c:/texlive/2023/texmf-dist/fonts/type1/public/lm/lmmi8.pfb><c:/texlive/2023/texmf-dist/fonts/type1/public/lm/lmmib10.pfb><c:/texlive/2023/texmf-dist/fonts/type1/public/lm/lmr12.pfb><c:/texlive/2023/texmf-dist/fonts/type1/public/lm/lmr8.pfb><c:/texlive/2023/texmf-dist/fonts/type1/public/lm/lmri12.pfb><c:/texlive/2023/texmf-dist/fonts/type1/public/lm/lmro12.pfb><c:/texlive/2023/texmf-dist/fonts/type1/public/lm/lmsy10.pfb><c:/texlive/2023/texmf-dist/fonts/type1/public/lm/lmsy8.pfb>
Output written on mthesis_raschke.pdf (37 pages, 2958379 bytes).
PDF statistics:
 850 PDF objects out of 1000 (max. 8388607)
 520 compressed objects within 6 object streams
 101 named destinations out of 1000 (max. 500000)
 407 words of extra memory for PDF output out of 10000 (max. 10000000)

